[0.027][core]-[Info]-[DjiCore_Init:106) Payload SDK Version : V3.9.0-beta.0-build.2044
[0.032][utils]-[Debug]-[DjiCore_RootTask:131) work execution time:
[0.032][utils]-[Debug]-[DjiCore_RootTask:132) name	                execution time (ms)	  max execution time (ms)
[0.032][utils]-[Debug]-[DjiCore_RootTask:134) recorderWork                    	0       	0       
[0.032][utils]-[Debug]-[DjiCore_RootTask:134) flowControllerTask              	0       	0       
[0.052][linker]-[Debug]-[DjiLinker_Init:128) init linker success, protocol:2, channelId:0
[0.052][linker]-[Debug]-[DjiProtocol_v1Pack:123) <0000>V1-Send: 0x0A06->0x0300 0x03FD
[0.072][linker]-[Debug]-[DjiProtocol_v1Pack:123) <0x01>V1-Send: 0x0A06->0x0300 0x03FD
[0.092][linker]-[Debug]-[DjiProtocol_v1Pack:123) <0x02>V1-Send: 0x0A06->0x0300 0x03FD
[0.113][linker]-[Debug]-[DjiProtocol_v1Pack:123) <0x03>V1-Send: 0x0A06->0x0300 0x03FD
[0.133][linker]-[Debug]-[DjiProtocol_v1Pack:123) <0x04>V1-Send: 0x0A06->0x0300 0x03FD
[0.154][linker]-[Debug]-[DjiLinker_DeInit:170) deinit linker success, protocol:2, channelId:0
[0.165][linker]-[Debug]-[DjiLinker_Init:128) init linker success, protocol:2, channelId:0
[0.165][linker]-[Debug]-[DjiProtocol_v1Pack:123) <0000>V1-Send: 0x0507->0x0503 0x03FD
[0.185][linker]-[Debug]-[DjiProtocol_v1Pack:123) <0x01>V1-Send: 0x0507->0x0503 0x03FD
[0.205][linker]-[Debug]-[DjiProtocol_v1Pack:123) <0x02>V1-Send: 0x0507->0x0503 0x03FD
[0.226][linker]-[Debug]-[DjiProtocol_v1Pack:123) <0x03>V1-Send: 0x0507->0x0503 0x03FD
[0.246][linker]-[Debug]-[DjiProtocol_v1Pack:123) <0x04>V1-Send: 0x0507->0x0503 0x03FD
[0.267][linker]-[Debug]-[DjiLinker_DeInit:170) deinit linker success, protocol:2, channelId:0
[0.289][linker]-[Debug]-[DjiLinker_Init:128) init linker success, protocol:2, channelId:0
[0.289][linker]-[Debug]-[DjiProtocol_v1Pack:123) <0000>V1-Send: 0x0507->0x0503 0x03FD
[0.309][linker]-[Debug]-[DjiProtocol_v1Pack:123) <0x01>V1-Send: 0x0507->0x0503 0x03FD
[0.329][linker]-[Debug]-[DjiProtocol_v1Pack:123) <0x02>V1-Send: 0x0507->0x0503 0x03FD
[0.349][linker]-[Debug]-[DjiProtocol_v1Pack:123) <0x03>V1-Send: 0x0507->0x0503 0x03FD
[0.370][linker]-[Debug]-[DjiProtocol_v1Pack:123) <0x04>V1-Send: 0x0507->0x0503 0x03FD
[0.390][linker]-[Debug]-[DjiLinker_DeInit:170) deinit linker success, protocol:2, channelId:0
[0.414][linker]-[Debug]-[DjiLinker_Init:128) init linker success, protocol:2, channelId:0
[0.414][linker]-[Debug]-[DjiProtocol_v1Pack:123) <0000>V1-Send: 0x0507->0x0503 0x03FD
[0.434][linker]-[Debug]-[DjiProtocol_v1Pack:123) <0x01>V1-Send: 0x0507->0x0503 0x03FD
[0.454][linker]-[Debug]-[DjiProtocol_v1Pack:123) <0x02>V1-Send: 0x0507->0x0503 0x03FD
[0.474][linker]-[Debug]-[DjiProtocol_v1Pack:123) <0x03>V1-Send: 0x0507->0x0503 0x03FD
[0.494][linker]-[Debug]-[DjiProtocol_v1Pack:123) <0x04>V1-Send: 0x0507->0x0503 0x03FD
[0.515][linker]-[Debug]-[DjiLinker_DeInit:170) deinit linker success, protocol:2, channelId:0
[0.525][linker]-[Debug]-[DjiLinker_Init:128) init linker success, protocol:2, channelId:0
[0.525][linker]-[Debug]-[DjiProtocol_v1Pack:123) <0000>V1-Send: 0x0507->0x0503 0x03FD
[0.545][linker]-[Debug]-[DjiProtocol_v1Pack:123) <0x01>V1-Send: 0x0507->0x0503 0x03FD
[0.566][linker]-[Debug]-[DjiProtocol_v1Pack:123) <0x02>V1-Send: 0x0507->0x0503 0x03FD
[0.586][linker]-[Debug]-[DjiProtocol_v1Pack:123) <0x03>V1-Send: 0x0507->0x0503 0x03FD
[0.606][linker]-[Debug]-[DjiProtocol_v1Pack:123) <0x04>V1-Send: 0x0507->0x0503 0x03FD
[0.626][linker]-[Debug]-[DjiLinker_DeInit:170) deinit linker success, protocol:2, channelId:0
[0.658][linker]-[Debug]-[DjiLinker_Init:128) init linker success, protocol:2, channelId:0
[0.658][linker]-[Debug]-[DjiProtocol_v1Pack:123) <0000>V1-Send: 0x0507->0x0503 0x03FD
[0.678][linker]-[Debug]-[DjiProtocol_v1Pack:123) <0x01>V1-Send: 0x0507->0x0503 0x03FD
[0.698][linker]-[Debug]-[DjiProtocol_v1Pack:123) <0x02>V1-Send: 0x0507->0x0503 0x03FD
[0.719][linker]-[Debug]-[DjiProtocol_v1Pack:123) <0x03>V1-Send: 0x0507->0x0503 0x03FD
[0.739][linker]-[Debug]-[DjiProtocol_v1Pack:123) <0x04>V1-Send: 0x0507->0x0503 0x03FD
[0.759][linker]-[Debug]-[DjiLinker_DeInit:170) deinit linker success, protocol:2, channelId:0
[0.788][linker]-[Debug]-[DjiLinker_Init:128) init linker success, protocol:2, channelId:0
[0.788][linker]-[Debug]-[DjiProtocol_v1Pack:123) <0000>V1-Send: 0x0A06->0x0300 0x03FD
[0.808][linker]-[Debug]-[DjiProtocol_v1Pack:123) <0x01>V1-Send: 0x0A06->0x0300 0x03FD
[0.828][linker]-[Debug]-[DjiProtocol_v1Pack:123) <0x02>V1-Send: 0x0A06->0x0300 0x03FD
[0.848][linker]-[Debug]-[DjiProtocol_v1Pack:123) <0x03>V1-Send: 0x0A06->0x0300 0x03FD
[0.868][linker]-[Debug]-[DjiProtocol_v1Pack:123) <0x04>V1-Send: 0x0A06->0x0300 0x03FD
[0.889][linker]-[Debug]-[DjiLinker_DeInit:170) deinit linker success, protocol:2, channelId:0
[0.899][linker]-[Debug]-[DjiLinker_Init:128) init linker success, protocol:2, channelId:0
[0.900][linker]-[Debug]-[DjiProtocol_v1Pack:123) <0000>V1-Send: 0x0A06->0x0300 0x03FD
[0.922][linker]-[Debug]-[DjiProtocol_v1Pack:123) <0x01>V1-Send: 0x0A06->0x0300 0x03FD
[0.943][linker]-[Debug]-[DjiProtocol_v1Pack:123) <0x02>V1-Send: 0x0A06->0x0300 0x03FD
[0.963][linker]-[Debug]-[DjiProtocol_v1Pack:123) <0x03>V1-Send: 0x0A06->0x0300 0x03FD
[0.984][linker]-[Debug]-[DjiProtocol_v1Pack:123) <0x04>V1-Send: 0x0A06->0x0300 0x03FD
[1.005][linker]-[Debug]-[DjiLinker_DeInit:170) deinit linker success, protocol:2, channelId:0
[1.017][linker]-[Debug]-[DjiLinker_Init:128) init linker success, protocol:2, channelId:0
[1.018][linker]-[Debug]-[DjiProtocol_v1Pack:123) <0000>V1-Send: 0x0A06->0x0300 0x03FD
[1.038][linker]-[Debug]-[DjiProtocol_v1Pack:123) <0x01>V1-Send: 0x0A06->0x0300 0x03FD
[1.058][linker]-[Debug]-[DjiProtocol_v1Pack:123) <0x02>V1-Send: 0x0A06->0x0300 0x03FD
[1.078][linker]-[Debug]-[DjiProtocol_v1Pack:123) <0x03>V1-Send: 0x0A06->0x0300 0x03FD
[1.098][linker]-[Debug]-[DjiProtocol_v1Pack:123) <0x04>V1-Send: 0x0A06->0x0300 0x03FD
[1.120][linker]-[Debug]-[DjiLinker_DeInit:170) deinit linker success, protocol:2, channelId:0
[1.135][linker]-[Debug]-[DjiLinker_Init:128) init linker success, protocol:2, channelId:0
[1.135][linker]-[Debug]-[DjiProtocol_v1Pack:123) <0000>V1-Send: 0x0A06->0x0300 0x03FD
[1.156][linker]-[Debug]-[DjiProtocol_v1Pack:123) <0x01>V1-Send: 0x0A06->0x0300 0x03FD
[1.176][linker]-[Debug]-[DjiProtocol_v1Pack:123) <0x02>V1-Send: 0x0A06->0x0300 0x03FD
[1.196][linker]-[Debug]-[DjiProtocol_v1Pack:123) <0x03>V1-Send: 0x0A06->0x0300 0x03FD
[1.216][utils]-[Debug]-[DjiCore_RootTask:131) work execution time:
[1.216][utils]-[Debug]-[DjiCore_RootTask:132) name	                execution time (ms)	  max execution time (ms)
[1.216][utils]-[Debug]-[DjiCore_RootTask:134) recorderWork                    	0       	0       
[1.216][utils]-[Debug]-[DjiCore_RootTask:134) flowControllerTask              	0       	0       
[1.217][linker]-[Debug]-[DjiProtocol_v1Pack:123) <0x04>V1-Send: 0x0A06->0x0300 0x03FD
[1.237][linker]-[Debug]-[DjiLinker_DeInit:170) deinit linker success, protocol:2, channelId:0
[1.247][linker]-[Debug]-[DjiLinker_Init:128) init linker success, protocol:2, channelId:0
[1.248][linker]-[Debug]-[DjiProtocol_v1Pack:123) <0000>V1-Send: 0x0A06->0x0300 0x03FD
[1.268][linker]-[Debug]-[DjiProtocol_v1Pack:123) <0x01>V1-Send: 0x0A06->0x0300 0x03FD
[1.288][linker]-[Debug]-[DjiProtocol_v1Pack:123) <0x02>V1-Send: 0x0A06->0x0300 0x03FD
[1.309][linker]-[Debug]-[DjiProtocol_v1Pack:123) <0x03>V1-Send: 0x0A06->0x0300 0x03FD
[1.329][linker]-[Debug]-[DjiProtocol_v1Pack:123) <0x04>V1-Send: 0x0A06->0x0300 0x03FD
[1.349][linker]-[Debug]-[DjiLinker_DeInit:170) deinit linker success, protocol:2, channelId:0
[1.369][linker]-[Debug]-[DjiLinker_Init:128) init linker success, protocol:2, channelId:0
[1.369][linker]-[Debug]-[DjiProtocol_v1Pack:123) <0000>V1-Send: 0x0A07->0x0300 0x03FD
[1.389][linker]-[Debug]-[DjiProtocol_v1Pack:123) <0x01>V1-Send: 0x0A07->0x0300 0x03FD
[1.409][linker]-[Debug]-[DjiProtocol_v1Pack:123) <0x02>V1-Send: 0x0A07->0x0300 0x03FD
[1.430][linker]-[Debug]-[DjiProtocol_v1Pack:123) <0x03>V1-Send: 0x0A07->0x0300 0x03FD
[1.450][linker]-[Debug]-[DjiProtocol_v1Pack:123) <0x04>V1-Send: 0x0A07->0x0300 0x03FD
[1.471][linker]-[Debug]-[DjiLinker_DeInit:170) deinit linker success, protocol:2, channelId:0
[1.503][linker]-[Debug]-[DjiLinker_Init:128) init linker success, protocol:2, channelId:0
[1.503][linker]-[Debug]-[DjiProtocol_v1Pack:123) <0000>V1-Send: 0x0A07->0x0300 0x03FD
[1.523][linker]-[Debug]-[DjiProtocol_v1Pack:123) <0x01>V1-Send: 0x0A07->0x0300 0x03FD
[1.543][linker]-[Debug]-[DjiProtocol_v1Pack:123) <0x02>V1-Send: 0x0A07->0x0300 0x03FD
[1.565][linker]-[Debug]-[DjiProtocol_v1Pack:123) <0x03>V1-Send: 0x0A07->0x0300 0x03FD
[1.585][linker]-[Debug]-[DjiProtocol_v1Pack:123) <0x04>V1-Send: 0x0A07->0x0300 0x03FD
[1.606][linker]-[Debug]-[DjiLinker_DeInit:170) deinit linker success, protocol:2, channelId:0
[1.642][linker]-[Debug]-[DjiLinker_Init:128) init linker success, protocol:2, channelId:0
[1.642][linker]-[Debug]-[DjiProtocol_v1Pack:123) <0000>V1-Send: 0x0A07->0x0300 0x03FD
[1.662][linker]-[Debug]-[DjiProtocol_v1Pack:123) <0x01>V1-Send: 0x0A07->0x0300 0x03FD
[1.682][linker]-[Debug]-[DjiProtocol_v1Pack:123) <0x02>V1-Send: 0x0A07->0x0300 0x03FD
[1.702][linker]-[Debug]-[DjiProtocol_v1Pack:123) <0x03>V1-Send: 0x0A07->0x0300 0x03FD
[1.723][linker]-[Debug]-[DjiProtocol_v1Pack:123) <0x04>V1-Send: 0x0A07->0x0300 0x03FD
[1.743][linker]-[Debug]-[DjiLinker_DeInit:170) deinit linker success, protocol:2, channelId:0
[1.769][linker]-[Debug]-[DjiLinker_Init:128) init linker success, protocol:2, channelId:0
[1.769][linker]-[Debug]-[DjiProtocol_v1Pack:123) <0000>V1-Send: 0x0A07->0x0300 0x03FD
[1.789][linker]-[Debug]-[DjiProtocol_v1Pack:123) <0x01>V1-Send: 0x0A07->0x0300 0x03FD
[1.809][linker]-[Debug]-[DjiProtocol_v1Pack:123) <0x02>V1-Send: 0x0A07->0x0300 0x03FD
[1.829][linker]-[Debug]-[DjiProtocol_v1Pack:123) <0x03>V1-Send: 0x0A07->0x0300 0x03FD
[1.850][linker]-[Debug]-[DjiProtocol_v1Pack:123) <0x04>V1-Send: 0x0A07->0x0300 0x03FD
[1.870][linker]-[Debug]-[DjiLinker_DeInit:170) deinit linker success, protocol:2, channelId:0
[1.897][linker]-[Debug]-[DjiLinker_Init:128) init linker success, protocol:2, channelId:0
[1.897][linker]-[Debug]-[DjiProtocol_v1Pack:123) <0000>V1-Send: 0x0A07->0x0300 0x03FD
[1.917][linker]-[Debug]-[DjiProtocol_v1Pack:123) <0x01>V1-Send: 0x0A07->0x0300 0x03FD
[1.938][linker]-[Debug]-[DjiProtocol_v1Pack:123) <0x02>V1-Send: 0x0A07->0x0300 0x03FD
[1.958][linker]-[Debug]-[DjiProtocol_v1Pack:123) <0x03>V1-Send: 0x0A07->0x0300 0x03FD
[1.978][linker]-[Debug]-[DjiProtocol_v1Pack:123) <0x04>V1-Send: 0x0A07->0x0300 0x03FD
[1.999][linker]-[Debug]-[DjiLinker_DeInit:170) deinit linker success, protocol:2, channelId:0
[2.029][linker]-[Debug]-[DjiLinker_Init:128) init linker success, protocol:1, channelId:0
[2.029][linker]-[Debug]-[DjiProtocol_sdkPack:183) SDK-Send: 0x0A->0x03 0x0000
[2.040][linker]-[Debug]-[DjiProtocol_sdkUnpack:276) SDK-Recv: 0x03->0x0A 0x0000
[2.049][linker]-[Debug]-[DjiProtocol_sdkPack:183) SDK-Send: 0x0A->0x03 0x0000
[2.049][utils]-[Debug]-[DjiSdkVersionAck_Parse:173) Device Serial No. = 1ZNDH6Q00A41TW
[2.049][utils]-[Debug]-[DjiSdkVersionAck_Parse:175) Firmware = 3.4.18.42
[2.049][utils]-[Info]-[DjiSdkVersionAck_Parse:183) Identify aircraft serial number = 1ZNDH6Q00A41TW, Firmware = 3.4.18.42
[2.060][linker]-[Debug]-[DjiLinker_DeInit:170) deinit linker success, protocol:1, channelId:0
[2.060][adapter]-[Info]-[DjiAccessAdapter_Init:231) Identify aircraft series is Matrice 300 Series
[2.060][adapter]-[Info]-[DjiAccessAdapter_Init:264) Identify mount position type is Extension Port Type
[2.079][linker]-[Debug]-[DjiCommand_Init:158) config list channel id:1
[2.122][linker]-[Debug]-[DjiLinker_Init:128) init linker success, protocol:1, channelId:0
[2.122][linker]-[Debug]-[DjiCommand_Init:167) add linker node count:1
[2.122][linker]-[Debug]-[DjiCommand_Init:158) config list channel id:2
[2.177][linker]-[Debug]-[DjiLinker_Init:128) init linker success, protocol:2, channelId:0
[2.177][linker]-[Debug]-[DjiCommand_Init:167) add linker node count:2
[2.177][adapter]-[Info]-[DjiAccessAdapter_Init:365) Identity uart0 baudrate is 115200 bps
[2.177][adapter]-[Info]-[DjiPayloadNegotiate_Init:147) No need negotiate device info
[2.195][linker]-[Debug]-[DjiLinker_DeInit:170) deinit linker success, protocol:1, channelId:0
[2.195][linker]-[Debug]-[DjiLinker_DeInit:170) deinit linker success, protocol:2, channelId:0
[2.195][linker]-[Debug]-[DjiCommand_UpdateConfig:289) config list channel id:1
[2.211][linker]-[Debug]-[DjiLinker_Init:128) init linker success, protocol:1, channelId:0
[2.211][linker]-[Debug]-[DjiCommand_UpdateConfig:298) add linker node count:1
[2.211][linker]-[Debug]-[DjiCommand_UpdateConfig:289) config list channel id:2
[2.224][linker]-[Debug]-[DjiLinker_Init:128) init linker success, protocol:2, channelId:0
[2.224][linker]-[Debug]-[DjiCommand_UpdateConfig:298) add linker node count:2
[2.224][linker]-[Debug]-[DjiCommand_RegRecvCmdHandler:674) Reg command handle list success, index:0
[2.224][auth]-[Debug]-[DjiSdkActivate_ExtensionPortActivateSync:71) This is a OSDK port. Now need to do activation.
[2.224][linker]-[Debug]-[DjiProtocol_sdkPack:183) SDK-Send: 0x0A->0x03 0x0000
[2.224][linker]-[Debug]-[DjiCommand_SendAsync:497) Max wait ack item count is 32.
[2.242][linker]-[Error]-[DjiChannel_uartRead:88) uart read data error
[2.424][utils]-[Debug]-[DjiCore_RootTask:131) work execution time:
[2.424][utils]-[Debug]-[DjiCore_RootTask:132) name	                execution time (ms)	  max execution time (ms)
[2.424][utils]-[Debug]-[DjiCore_RootTask:134) recorderWork                    	1       	1       
[2.424][utils]-[Debug]-[DjiCore_RootTask:134) flowControllerTask              	0       	0       
[2.424][utils]-[Debug]-[DjiCore_RootTask:134) commandTask                     	1       	1       
[3.492][linker]-[Error]-[DjiChannel_uartRead:88) uart read data error
[3.524][utils]-[Debug]-[DjiCore_RootTask:131) work execution time:
[3.524][utils]-[Debug]-[DjiCore_RootTask:132) name	                execution time (ms)	  max execution time (ms)
[3.524][utils]-[Debug]-[DjiCore_RootTask:134) recorderWork                    	1       	1       
[3.524][utils]-[Debug]-[DjiCore_RootTask:134) flowControllerTask              	0       	0       
[3.524][utils]-[Debug]-[DjiCore_RootTask:134) commandTask                     	1       	1       
[3.886][linker]-[Error]-[DjiChannel_uartRead:88) uart read data error
[3.904][linker]-[Error]-[DjiChannel_uartRead:88) uart read data error
[4.225][linker]-[Warn]-[DjiCommand_SendAsyncHandle:963) <0x1614>Command async send retry: index = 0, retryTimes = 3, 0x0A00->0x0300 0x0000
[4.225][linker]-[Debug]-[DjiProtocol_sdkPack:183) SDK-Send: 0x0A->0x03 0x0000
[4.620][utils]-[Debug]-[DjiCore_RootTask:131) work execution time:
[4.621][utils]-[Debug]-[DjiCore_RootTask:132) name	                execution time (ms)	  max execution time (ms)
[4.621][utils]-[Debug]-[DjiCore_RootTask:134) recorderWork                    	1       	1       
[4.621][utils]-[Debug]-[DjiCore_RootTask:134) flowControllerTask              	0       	0       
[4.621][utils]-[Debug]-[DjiCore_RootTask:134) commandTask                     	1       	1       
[4.954][linker]-[Error]-[DjiChannel_uartRead:88) uart read data error
[5.456][linker]-[Error]-[DjiChannel_uartRead:88) uart read data error
[5.605][linker]-[Error]-[DjiChannel_uartRead:88) uart read data error
[5.656][linker]-[Error]-[DjiChannel_uartRead:88) uart read data error
[5.672][linker]-[Error]-[DjiChannel_uartRead:88) uart read data error
[5.695][linker]-[Error]-[DjiChannel_uartRead:88) uart read data error
[5.718][utils]-[Debug]-[DjiCore_RootTask:131) work execution time:
[5.719][utils]-[Debug]-[DjiCore_RootTask:132) name	                execution time (ms)	  max execution time (ms)
[5.719][utils]-[Debug]-[DjiCore_RootTask:134) recorderWork                    	1       	1       
[5.719][utils]-[Debug]-[DjiCore_RootTask:134) flowControllerTask              	0       	0       
[5.719][utils]-[Debug]-[DjiCore_RootTask:134) commandTask                     	1       	1       
[5.760][linker]-[Error]-[DjiChannel_uartRead:88) uart read data error
[5.796][linker]-[Error]-[DjiChannel_uartRead:88) uart read data error
[5.804][linker]-[Error]-[DjiChannel_uartRead:88) uart read data error
[5.820][linker]-[Error]-[DjiChannel_uartRead:88) uart read data error
[6.185][linker]-[Error]-[DjiChannel_uartRead:88) uart read data error
[6.226][linker]-[Warn]-[DjiCommand_SendAsyncHandle:963) <0x1614>Command async send retry: index = 0, retryTimes = 2, 0x0A00->0x0300 0x0000
[6.227][linker]-[Debug]-[DjiProtocol_sdkPack:183) SDK-Send: 0x0A->0x03 0x0000
[6.833][utils]-[Debug]-[DjiCore_RootTask:131) work execution time:
[6.833][utils]-[Debug]-[DjiCore_RootTask:132) name	                execution time (ms)	  max execution time (ms)
[6.833][utils]-[Debug]-[DjiCore_RootTask:134) recorderWork                    	1       	1       
[6.833][utils]-[Debug]-[DjiCore_RootTask:134) flowControllerTask              	0       	0       
[6.833][utils]-[Debug]-[DjiCore_RootTask:134) commandTask                     	1       	1       
[6.880][linker]-[Error]-[DjiChannel_uartRead:88) uart read data error
[7.352][linker]-[Error]-[DjiChannel_uartRead:88) uart read data error
[7.409][linker]-[Error]-[DjiChannel_uartRead:88) uart read data error
[7.620][linker]-[Error]-[DjiChannel_uartRead:88) uart read data error
[7.792][linker]-[Error]-[DjiChannel_uartRead:88) uart read data error
[7.949][utils]-[Debug]-[DjiCore_RootTask:131) work execution time:
[7.949][utils]-[Debug]-[DjiCore_RootTask:132) name	                execution time (ms)	  max execution time (ms)
[7.949][utils]-[Debug]-[DjiCore_RootTask:134) recorderWork                    	1       	1       
[7.949][utils]-[Debug]-[DjiCore_RootTask:134) flowControllerTask              	0       	0       
[7.949][utils]-[Debug]-[DjiCore_RootTask:134) commandTask                     	5       	5       
[8.227][linker]-[Warn]-[DjiCommand_SendAsyncHandle:963) <0x1614>Command async send retry: index = 0, retryTimes = 1, 0x0A00->0x0300 0x0000
[8.227][linker]-[Debug]-[DjiProtocol_sdkPack:183) SDK-Send: 0x0A->0x03 0x0000
[8.506][linker]-[Error]-[DjiChannel_uartRead:88) uart read data error
[8.668][linker]-[Error]-[DjiChannel_uartRead:88) uart read data error
[8.681][linker]-[Error]-[DjiChannel_uartRead:88) uart read data error
[8.935][linker]-[Error]-[DjiChannel_uartRead:88) uart read data error
[9.076][utils]-[Debug]-[DjiCore_RootTask:131) work execution time:
[9.076][utils]-[Debug]-[DjiCore_RootTask:132) name	                execution time (ms)	  max execution time (ms)
[9.076][utils]-[Debug]-[DjiCore_RootTask:134) recorderWork                    	0       	1       
[9.076][utils]-[Debug]-[DjiCore_RootTask:134) flowControllerTask              	0       	0       
[9.076][utils]-[Debug]-[DjiCore_RootTask:134) commandTask                     	1       	5       
[9.155][linker]-[Error]-[DjiChannel_uartRead:88) uart read data error
[9.173][linker]-[Error]-[DjiChannel_uartRead:88) uart read data error
[9.185][linker]-[Error]-[DjiChannel_uartRead:88) uart read data error
[9.309][linker]-[Error]-[DjiChannel_uartRead:88) uart read data error
[9.397][linker]-[Error]-[DjiChannel_uartRead:88) uart read data error
[9.411][linker]-[Error]-[DjiChannel_uartRead:88) uart read data error
[9.420][linker]-[Error]-[DjiChannel_uartRead:88) uart read data error
[9.426][linker]-[Error]-[DjiChannel_uartRead:88) uart read data error
[9.455][linker]-[Error]-[DjiChannel_uartRead:88) uart read data error
[9.515][linker]-[Error]-[DjiChannel_uartRead:88) uart read data error
[9.548][linker]-[Error]-[DjiChannel_uartRead:88) uart read data error
[9.626][linker]-[Error]-[DjiChannel_uartRead:88) uart read data error
[9.630][linker]-[Error]-[DjiChannel_uartRead:88) uart read data error
[9.842][linker]-[Error]-[DjiChannel_uartRead:88) uart read data error
[9.878][linker]-[Error]-[DjiChannel_uartRead:88) uart read data error
[9.905][linker]-[Error]-[DjiChannel_uartRead:88) uart read data error
[9.918][linker]-[Error]-[DjiChannel_uartRead:88) uart read data error
[10.160][linker]-[Error]-[DjiChannel_uartRead:88) uart read data error
[10.208][linker]-[Error]-[DjiChannel_uartRead:88) uart read data error
[10.228][linker]-[Error]-[DjiCommand_SendAsyncHandle:975) Command async send error 0
[10.228][linker]-[Debug]-[DjiCommand_SendAsyncHandle:994) Timeout func deal about: 0 ms
[10.228][linker]-[Error]-[DjiCommand_SendSync:550) sendSync callback timeout
[10.228][auth]-[Error]-[DjiSdkActivate_GetDroneSWVersionSync:199) Get OSDK version send error:0x000000E1.
[10.228][auth]-[Error]-[DjiSdkActivate_GetDroneSWVersionSync:200) Execution timeout. Suggestion : Please contact DJI for help.
[10.228][auth]-[Error]-[DjiSdkActivate_ExtensionPortActivateSync:74) Request to get version sync error
[10.228][auth]-[Error]-[DjiSdkActivate_ExtensionPortActivateSync:75) Execution timeout. Suggestion : Please contact DJI for help.
[10.228][auth]-[Error]-[DjiIdentityVerify_Init:99) Activate failed, please check your app_id and app_key.
[10.228][core]-[Error]-[DjiCore_Init:143) SDK identity verify init error.
[10.358][utils]-[Debug]-[DjiCore_RootTask:131) work execution time:
[10.358][utils]-[Debug]-[DjiCore_RootTask:132) name	                execution time (ms)	  max execution time (ms)
[10.358][utils]-[Debug]-[DjiCore_RootTask:134) recorderWork                    	1       	1       
[10.358][utils]-[Debug]-[DjiCore_RootTask:134) flowControllerTask              	0       	0       
[10.358][utils]-[Debug]-[DjiCore_RootTask:134) commandTask                     	1       	5       
[10.392][linker]-[Error]-[DjiChannel_uartRead:88) uart read data error
[10.400][linker]-[Error]-[DjiChannel_uartRead:88) uart read data error
[10.674][linker]-[Error]-[DjiChannel_uartRead:88) uart read data error
[10.801][linker]-[Error]-[DjiChannel_uartRead:88) uart read data error
[10.874][linker]-[Error]-[DjiChannel_uartRead:88) uart read data error
[10.937][linker]-[Error]-[DjiChannel_uartRead:88) uart read data error
[11.039][linker]-[Error]-[DjiChannel_uartRead:88) uart read data error
[11.062][linker]-[Error]-[DjiChannel_uartRead:88) uart read data error
[11.114][linker]-[Error]-[DjiChannel_uartRead:88) uart read data error
[11.121][linker]-[Error]-[DjiChannel_uartRead:88) uart read data error
[11.136][linker]-[Error]-[DjiChannel_uartRead:88) uart read data error
[11.181][linker]-[Error]-[DjiChannel_uartRead:88) uart read data error
