[0.023][core]-[Info]-[DjiCore_Init:106) Payload SDK Version : V3.9.0-beta.0-build.2044
[0.034][utils]-[Debug]-[DjiCore_RootTask:131) work execution time:
[0.034][utils]-[Debug]-[DjiCore_RootTask:132) name	                execution time (ms)	  max execution time (ms)
[0.034][utils]-[Debug]-[DjiCore_RootTask:134) recorderWork                    	0       	0       
[0.034][utils]-[Debug]-[DjiCore_RootTask:134) flowControllerTask              	0       	0       
[0.053][linker]-[Debug]-[DjiLinker_Init:128) init linker success, protocol:2, channelId:0
[0.053][linker]-[Debug]-[DjiProtocol_v1Pack:123) <0000>V1-Send: 0x0A06->0x0300 0x03FD
[0.073][linker]-[Debug]-[DjiProtocol_v1Pack:123) <0x01>V1-Send: 0x0A06->0x0300 0x03FD
[0.093][linker]-[Debug]-[DjiProtocol_v1Pack:123) <0x02>V1-Send: 0x0A06->0x0300 0x03FD
[0.114][linker]-[Debug]-[DjiProtocol_v1Pack:123) <0x03>V1-Send: 0x0A06->0x0300 0x03FD
[0.135][linker]-[Debug]-[DjiProtocol_v1Pack:123) <0x04>V1-Send: 0x0A06->0x0300 0x03FD
[0.155][linker]-[Debug]-[DjiLinker_DeInit:170) deinit linker success, protocol:2, channelId:0
[0.177][linker]-[Debug]-[DjiLinker_Init:128) init linker success, protocol:2, channelId:0
[0.178][linker]-[Debug]-[DjiProtocol_v1Pack:123) <0000>V1-Send: 0x0507->0x0503 0x03FD
[0.199][linker]-[Debug]-[DjiProtocol_v1Pack:123) <0x01>V1-Send: 0x0507->0x0503 0x03FD
[0.219][linker]-[Debug]-[DjiProtocol_v1Pack:123) <0x02>V1-Send: 0x0507->0x0503 0x03FD
[0.239][linker]-[Debug]-[DjiProtocol_v1Pack:123) <0x03>V1-Send: 0x0507->0x0503 0x03FD
[0.259][linker]-[Debug]-[DjiProtocol_v1Pack:123) <0x04>V1-Send: 0x0507->0x0503 0x03FD
[0.280][linker]-[Debug]-[DjiLinker_DeInit:170) deinit linker success, protocol:2, channelId:0
[0.290][linker]-[Debug]-[DjiLinker_Init:128) init linker success, protocol:2, channelId:0
[0.290][linker]-[Debug]-[DjiProtocol_v1Pack:123) <0000>V1-Send: 0x0507->0x0503 0x03FD
[0.310][linker]-[Debug]-[DjiProtocol_v1Pack:123) <0x01>V1-Send: 0x0507->0x0503 0x03FD
[0.330][linker]-[Debug]-[DjiProtocol_v1Pack:123) <0x02>V1-Send: 0x0507->0x0503 0x03FD
[0.351][linker]-[Debug]-[DjiProtocol_v1Pack:123) <0x03>V1-Send: 0x0507->0x0503 0x03FD
[0.371][linker]-[Debug]-[DjiProtocol_v1Pack:123) <0x04>V1-Send: 0x0507->0x0503 0x03FD
[0.391][linker]-[Debug]-[DjiLinker_DeInit:170) deinit linker success, protocol:2, channelId:0
[0.400][linker]-[Debug]-[DjiLinker_Init:128) init linker success, protocol:2, channelId:0
[0.400][linker]-[Debug]-[DjiProtocol_v1Pack:123) <0000>V1-Send: 0x0507->0x0503 0x03FD
[0.420][linker]-[Debug]-[DjiProtocol_v1Pack:123) <0x01>V1-Send: 0x0507->0x0503 0x03FD
[0.440][linker]-[Debug]-[DjiProtocol_v1Pack:123) <0x02>V1-Send: 0x0507->0x0503 0x03FD
[0.460][linker]-[Debug]-[DjiProtocol_v1Pack:123) <0x03>V1-Send: 0x0507->0x0503 0x03FD
[0.480][linker]-[Debug]-[DjiProtocol_v1Pack:123) <0x04>V1-Send: 0x0507->0x0503 0x03FD
[0.501][linker]-[Debug]-[DjiLinker_DeInit:170) deinit linker success, protocol:2, channelId:0
[0.509][linker]-[Debug]-[DjiLinker_Init:128) init linker success, protocol:2, channelId:0
[0.509][linker]-[Debug]-[DjiProtocol_v1Pack:123) <0000>V1-Send: 0x0507->0x0503 0x03FD
[0.529][linker]-[Debug]-[DjiProtocol_v1Pack:123) <0x01>V1-Send: 0x0507->0x0503 0x03FD
[0.549][linker]-[Debug]-[DjiProtocol_v1Pack:123) <0x02>V1-Send: 0x0507->0x0503 0x03FD
[0.570][linker]-[Debug]-[DjiProtocol_v1Pack:123) <0x03>V1-Send: 0x0507->0x0503 0x03FD
[0.590][linker]-[Debug]-[DjiProtocol_v1Pack:123) <0x04>V1-Send: 0x0507->0x0503 0x03FD
[0.610][linker]-[Debug]-[DjiLinker_DeInit:170) deinit linker success, protocol:2, channelId:0
[0.622][linker]-[Debug]-[DjiLinker_Init:128) init linker success, protocol:2, channelId:0
[0.622][linker]-[Debug]-[DjiProtocol_v1Pack:123) <0000>V1-Send: 0x0507->0x0503 0x03FD
[0.642][linker]-[Debug]-[DjiProtocol_v1Pack:123) <0x01>V1-Send: 0x0507->0x0503 0x03FD
[0.663][linker]-[Debug]-[DjiProtocol_v1Pack:123) <0x02>V1-Send: 0x0507->0x0503 0x03FD
[0.683][linker]-[Debug]-[DjiProtocol_v1Pack:123) <0x03>V1-Send: 0x0507->0x0503 0x03FD
[0.703][linker]-[Debug]-[DjiProtocol_v1Pack:123) <0x04>V1-Send: 0x0507->0x0503 0x03FD
[0.723][linker]-[Debug]-[DjiLinker_DeInit:170) deinit linker success, protocol:2, channelId:0
[0.733][linker]-[Debug]-[DjiLinker_Init:128) init linker success, protocol:2, channelId:0
[0.733][linker]-[Debug]-[DjiProtocol_v1Pack:123) <0000>V1-Send: 0x0A06->0x0300 0x03FD
[0.753][linker]-[Debug]-[DjiProtocol_v1Pack:123) <0x01>V1-Send: 0x0A06->0x0300 0x03FD
[0.773][linker]-[Debug]-[DjiProtocol_v1Pack:123) <0x02>V1-Send: 0x0A06->0x0300 0x03FD
[0.794][linker]-[Debug]-[DjiProtocol_v1Pack:123) <0x03>V1-Send: 0x0A06->0x0300 0x03FD
[0.814][linker]-[Debug]-[DjiProtocol_v1Pack:123) <0x04>V1-Send: 0x0A06->0x0300 0x03FD
[0.835][linker]-[Debug]-[DjiLinker_DeInit:170) deinit linker success, protocol:2, channelId:0
[0.848][linker]-[Debug]-[DjiLinker_Init:128) init linker success, protocol:2, channelId:0
[0.848][linker]-[Debug]-[DjiProtocol_v1Pack:123) <0000>V1-Send: 0x0A06->0x0300 0x03FD
[0.868][linker]-[Debug]-[DjiProtocol_v1Pack:123) <0x01>V1-Send: 0x0A06->0x0300 0x03FD
[0.889][linker]-[Debug]-[DjiProtocol_v1Pack:123) <0x02>V1-Send: 0x0A06->0x0300 0x03FD
[0.909][linker]-[Debug]-[DjiProtocol_v1Pack:123) <0x03>V1-Send: 0x0A06->0x0300 0x03FD
[0.929][linker]-[Debug]-[DjiProtocol_v1Pack:123) <0x04>V1-Send: 0x0A06->0x0300 0x03FD
[0.949][linker]-[Debug]-[DjiLinker_DeInit:170) deinit linker success, protocol:2, channelId:0
[0.959][linker]-[Debug]-[DjiLinker_Init:128) init linker success, protocol:2, channelId:0
[0.959][linker]-[Debug]-[DjiProtocol_v1Pack:123) <0000>V1-Send: 0x0A06->0x0300 0x03FD
[0.979][linker]-[Debug]-[DjiProtocol_v1Pack:123) <0x01>V1-Send: 0x0A06->0x0300 0x03FD
[0.999][linker]-[Debug]-[DjiProtocol_v1Pack:123) <0x02>V1-Send: 0x0A06->0x0300 0x03FD
[1.019][linker]-[Debug]-[DjiProtocol_v1Pack:123) <0x03>V1-Send: 0x0A06->0x0300 0x03FD
[1.039][linker]-[Debug]-[DjiProtocol_v1Pack:123) <0x04>V1-Send: 0x0A06->0x0300 0x03FD
[1.060][linker]-[Debug]-[DjiLinker_DeInit:170) deinit linker success, protocol:2, channelId:0
[1.071][linker]-[Debug]-[DjiLinker_Init:128) init linker success, protocol:2, channelId:0
[1.071][linker]-[Debug]-[DjiProtocol_v1Pack:123) <0000>V1-Send: 0x0A06->0x0300 0x03FD
[1.091][linker]-[Debug]-[DjiProtocol_v1Pack:123) <0x01>V1-Send: 0x0A06->0x0300 0x03FD
[1.111][linker]-[Debug]-[DjiProtocol_v1Pack:123) <0x02>V1-Send: 0x0A06->0x0300 0x03FD
[1.132][linker]-[Debug]-[DjiProtocol_v1Pack:123) <0x03>V1-Send: 0x0A06->0x0300 0x03FD
[1.152][linker]-[Debug]-[DjiProtocol_v1Pack:123) <0x04>V1-Send: 0x0A06->0x0300 0x03FD
[1.172][linker]-[Debug]-[DjiLinker_DeInit:170) deinit linker success, protocol:2, channelId:0
[1.183][linker]-[Debug]-[DjiLinker_Init:128) init linker success, protocol:2, channelId:0
[1.183][linker]-[Debug]-[DjiProtocol_v1Pack:123) <0000>V1-Send: 0x0A06->0x0300 0x03FD
[1.195][utils]-[Debug]-[DjiCore_RootTask:131) work execution time:
[1.195][utils]-[Debug]-[DjiCore_RootTask:132) name	                execution time (ms)	  max execution time (ms)
[1.195][utils]-[Debug]-[DjiCore_RootTask:134) recorderWork                    	1       	1       
[1.195][utils]-[Debug]-[DjiCore_RootTask:134) flowControllerTask              	0       	0       
[1.203][linker]-[Debug]-[DjiProtocol_v1Pack:123) <0x01>V1-Send: 0x0A06->0x0300 0x03FD
[1.224][linker]-[Debug]-[DjiProtocol_v1Pack:123) <0x02>V1-Send: 0x0A06->0x0300 0x03FD
[1.244][linker]-[Debug]-[DjiProtocol_v1Pack:123) <0x03>V1-Send: 0x0A06->0x0300 0x03FD
[1.264][linker]-[Debug]-[DjiProtocol_v1Pack:123) <0x04>V1-Send: 0x0A06->0x0300 0x03FD
[1.284][linker]-[Debug]-[DjiLinker_DeInit:170) deinit linker success, protocol:2, channelId:0
[1.294][linker]-[Debug]-[DjiLinker_Init:128) init linker success, protocol:2, channelId:0
[1.295][linker]-[Debug]-[DjiProtocol_v1Pack:123) <0000>V1-Send: 0x0A07->0x0300 0x03FD
[1.315][linker]-[Debug]-[DjiProtocol_v1Pack:123) <0x01>V1-Send: 0x0A07->0x0300 0x03FD
[1.335][linker]-[Debug]-[DjiProtocol_v1Pack:123) <0x02>V1-Send: 0x0A07->0x0300 0x03FD
[1.355][linker]-[Debug]-[DjiProtocol_v1Pack:123) <0x03>V1-Send: 0x0A07->0x0300 0x03FD
[1.375][linker]-[Debug]-[DjiProtocol_v1Pack:123) <0x04>V1-Send: 0x0A07->0x0300 0x03FD
[1.396][linker]-[Debug]-[DjiLinker_DeInit:170) deinit linker success, protocol:2, channelId:0
[1.407][linker]-[Debug]-[DjiLinker_Init:128) init linker success, protocol:2, channelId:0
[1.407][linker]-[Debug]-[DjiProtocol_v1Pack:123) <0000>V1-Send: 0x0A07->0x0300 0x03FD
[1.427][linker]-[Debug]-[DjiProtocol_v1Pack:123) <0x01>V1-Send: 0x0A07->0x0300 0x03FD
[1.447][linker]-[Debug]-[DjiProtocol_v1Pack:123) <0x02>V1-Send: 0x0A07->0x0300 0x03FD
[1.467][linker]-[Debug]-[DjiProtocol_v1Pack:123) <0x03>V1-Send: 0x0A07->0x0300 0x03FD
[1.487][linker]-[Debug]-[DjiProtocol_v1Pack:123) <0x04>V1-Send: 0x0A07->0x0300 0x03FD
[1.509][linker]-[Debug]-[DjiLinker_DeInit:170) deinit linker success, protocol:2, channelId:0
[1.521][linker]-[Debug]-[DjiLinker_Init:128) init linker success, protocol:2, channelId:0
[1.521][linker]-[Debug]-[DjiProtocol_v1Pack:123) <0000>V1-Send: 0x0A07->0x0300 0x03FD
[1.541][linker]-[Debug]-[DjiProtocol_v1Pack:123) <0x01>V1-Send: 0x0A07->0x0300 0x03FD
[1.561][linker]-[Debug]-[DjiProtocol_v1Pack:123) <0x02>V1-Send: 0x0A07->0x0300 0x03FD
[1.582][linker]-[Debug]-[DjiProtocol_v1Pack:123) <0x03>V1-Send: 0x0A07->0x0300 0x03FD
[1.603][linker]-[Debug]-[DjiProtocol_v1Pack:123) <0x04>V1-Send: 0x0A07->0x0300 0x03FD
[1.625][linker]-[Debug]-[DjiLinker_DeInit:170) deinit linker success, protocol:2, channelId:0
[1.643][linker]-[Debug]-[DjiLinker_Init:128) init linker success, protocol:2, channelId:0
[1.643][linker]-[Debug]-[DjiProtocol_v1Pack:123) <0000>V1-Send: 0x0A07->0x0300 0x03FD
[1.663][linker]-[Debug]-[DjiProtocol_v1Pack:123) <0x01>V1-Send: 0x0A07->0x0300 0x03FD
[1.683][linker]-[Debug]-[DjiProtocol_v1Pack:123) <0x02>V1-Send: 0x0A07->0x0300 0x03FD
[1.703][linker]-[Debug]-[DjiProtocol_v1Pack:123) <0x03>V1-Send: 0x0A07->0x0300 0x03FD
[1.723][linker]-[Debug]-[DjiProtocol_v1Pack:123) <0x04>V1-Send: 0x0A07->0x0300 0x03FD
[1.744][linker]-[Debug]-[DjiLinker_DeInit:170) deinit linker success, protocol:2, channelId:0
[1.755][linker]-[Debug]-[DjiLinker_Init:128) init linker success, protocol:2, channelId:0
[1.755][linker]-[Debug]-[DjiProtocol_v1Pack:123) <0000>V1-Send: 0x0A07->0x0300 0x03FD
[1.775][linker]-[Debug]-[DjiProtocol_v1Pack:123) <0x01>V1-Send: 0x0A07->0x0300 0x03FD
[1.795][linker]-[Debug]-[DjiProtocol_v1Pack:123) <0x02>V1-Send: 0x0A07->0x0300 0x03FD
[1.815][linker]-[Debug]-[DjiProtocol_v1Pack:123) <0x03>V1-Send: 0x0A07->0x0300 0x03FD
[1.835][linker]-[Debug]-[DjiProtocol_v1Pack:123) <0x04>V1-Send: 0x0A07->0x0300 0x03FD
[1.856][linker]-[Debug]-[DjiLinker_DeInit:170) deinit linker success, protocol:2, channelId:0
[1.874][linker]-[Debug]-[DjiLinker_Init:128) init linker success, protocol:1, channelId:0
[1.874][linker]-[Debug]-[DjiProtocol_sdkPack:183) SDK-Send: 0x0A->0x03 0x0000
[1.895][linker]-[Debug]-[DjiProtocol_sdkPack:183) SDK-Send: 0x0A->0x03 0x0000
[1.915][linker]-[Debug]-[DjiProtocol_sdkPack:183) SDK-Send: 0x0A->0x03 0x0000
[1.935][linker]-[Debug]-[DjiProtocol_sdkPack:183) SDK-Send: 0x0A->0x03 0x0000
[1.955][linker]-[Debug]-[DjiProtocol_sdkPack:183) SDK-Send: 0x0A->0x03 0x0000
[1.976][linker]-[Debug]-[DjiLinker_DeInit:170) deinit linker success, protocol:1, channelId:0
[2.008][linker]-[Debug]-[DjiLinker_Init:128) init linker success, protocol:1, channelId:0
[2.008][linker]-[Debug]-[DjiProtocol_sdkPack:183) SDK-Send: 0x0A->0x03 0x0000
[2.016][linker]-[Debug]-[DjiProtocol_sdkUnpack:276) SDK-Recv: 0x03->0x0A 0x0000
[2.028][linker]-[Debug]-[DjiProtocol_sdkPack:183) SDK-Send: 0x0A->0x03 0x0000
[2.028][utils]-[Debug]-[DjiSdkVersionAck_Parse:173) Device Serial No. = 1ZNDH6Q00A41TW
[2.028][utils]-[Debug]-[DjiSdkVersionAck_Parse:175) Firmware = 3.4.18.42
[2.028][utils]-[Info]-[DjiSdkVersionAck_Parse:183) Identify aircraft serial number = 1ZNDH6Q00A41TW, Firmware = 3.4.18.42
[2.037][linker]-[Debug]-[DjiLinker_DeInit:170) deinit linker success, protocol:1, channelId:0
[2.037][adapter]-[Info]-[DjiAccessAdapter_Init:231) Identify aircraft series is Matrice 300 Series
[2.037][adapter]-[Info]-[DjiAccessAdapter_Init:264) Identify mount position type is Extension Port Type
[2.060][linker]-[Debug]-[DjiCommand_Init:158) config list channel id:1
[2.120][linker]-[Debug]-[DjiLinker_Init:128) init linker success, protocol:1, channelId:0
[2.120][linker]-[Debug]-[DjiCommand_Init:167) add linker node count:1
[2.120][linker]-[Debug]-[DjiCommand_Init:158) config list channel id:2
[2.134][linker]-[Debug]-[DjiLinker_Init:128) init linker success, protocol:2, channelId:0
[2.134][linker]-[Debug]-[DjiCommand_Init:167) add linker node count:2
[2.134][adapter]-[Info]-[DjiAccessAdapter_Init:365) Identity uart0 baudrate is 230400 bps
[2.134][adapter]-[Info]-[DjiPayloadNegotiate_Init:147) No need negotiate device info
[2.162][linker]-[Debug]-[DjiLinker_DeInit:170) deinit linker success, protocol:1, channelId:0
[2.163][linker]-[Debug]-[DjiLinker_DeInit:170) deinit linker success, protocol:2, channelId:0
[2.163][linker]-[Debug]-[DjiCommand_UpdateConfig:289) config list channel id:1
[2.192][linker]-[Debug]-[DjiLinker_Init:128) init linker success, protocol:1, channelId:0
[2.192][linker]-[Debug]-[DjiCommand_UpdateConfig:298) add linker node count:1
[2.192][linker]-[Debug]-[DjiCommand_UpdateConfig:289) config list channel id:2
[2.217][linker]-[Debug]-[DjiLinker_Init:128) init linker success, protocol:2, channelId:0
[2.217][linker]-[Debug]-[DjiCommand_UpdateConfig:298) add linker node count:2
[2.217][linker]-[Debug]-[DjiCommand_RegRecvCmdHandler:674) Reg command handle list success, index:0
[2.217][auth]-[Debug]-[DjiSdkActivate_ExtensionPortActivateSync:71) This is a OSDK port. Now need to do activation.
[2.217][linker]-[Debug]-[DjiProtocol_sdkPack:183) SDK-Send: 0x0A->0x03 0x0000
[2.217][linker]-[Debug]-[DjiCommand_SendAsync:497) Max wait ack item count is 32.
[2.300][linker]-[Error]-[DjiChannel_uartRead:88) uart read data error
[2.355][linker]-[Error]-[DjiChannel_uartRead:88) uart read data error
[2.395][utils]-[Debug]-[DjiCore_RootTask:131) work execution time:
[2.395][utils]-[Debug]-[DjiCore_RootTask:132) name	                execution time (ms)	  max execution time (ms)
[2.395][utils]-[Debug]-[DjiCore_RootTask:134) recorderWork                    	1       	1       
[2.395][utils]-[Debug]-[DjiCore_RootTask:134) flowControllerTask              	1       	1       
[2.395][utils]-[Debug]-[DjiCore_RootTask:134) commandTask                     	1       	1       
[2.464][linker]-[Error]-[DjiChannel_uartRead:88) uart read data error
[2.538][linker]-[Error]-[DjiChannel_uartRead:88) uart read data error
[2.744][linker]-[Error]-[DjiChannel_uartRead:88) uart read data error
[3.417][linker]-[Error]-[DjiChannel_uartRead:88) uart read data error
[3.522][utils]-[Debug]-[DjiCore_RootTask:131) work execution time:
[3.522][utils]-[Debug]-[DjiCore_RootTask:132) name	                execution time (ms)	  max execution time (ms)
[3.522][utils]-[Debug]-[DjiCore_RootTask:134) recorderWork                    	1       	1       
[3.522][utils]-[Debug]-[DjiCore_RootTask:134) flowControllerTask              	1       	1       
[3.522][utils]-[Debug]-[DjiCore_RootTask:134) commandTask                     	1       	1       
[3.804][linker]-[Error]-[DjiChannel_uartRead:88) uart read data error
[4.219][linker]-[Warn]-[DjiCommand_SendAsyncHandle:963) <0x1d22>Command async send retry: index = 0, retryTimes = 3, 0x0A00->0x0300 0x0000
[4.219][linker]-[Debug]-[DjiProtocol_sdkPack:183) SDK-Send: 0x0A->0x03 0x0000
[4.247][linker]-[Error]-[DjiChannel_uartRead:88) uart read data error
[4.389][linker]-[Error]-[DjiChannel_uartRead:88) uart read data error
[4.407][linker]-[Error]-[DjiChannel_uartRead:88) uart read data error
[4.637][utils]-[Debug]-[DjiCore_RootTask:131) work execution time:
[4.638][utils]-[Debug]-[DjiCore_RootTask:132) name	                execution time (ms)	  max execution time (ms)
[4.638][utils]-[Debug]-[DjiCore_RootTask:134) recorderWork                    	1       	1       
[4.638][utils]-[Debug]-[DjiCore_RootTask:134) flowControllerTask              	0       	1       
[4.638][utils]-[Debug]-[DjiCore_RootTask:134) commandTask                     	1       	1       
[5.536][linker]-[Error]-[DjiChannel_uartRead:88) uart read data error
[5.565][linker]-[Error]-[DjiChannel_uartRead:88) uart read data error
[5.579][linker]-[Error]-[DjiChannel_uartRead:88) uart read data error
[5.619][linker]-[Error]-[DjiChannel_uartRead:88) uart read data error
[5.682][linker]-[Error]-[DjiChannel_uartRead:88) uart read data error
[5.706][linker]-[Error]-[DjiChannel_uartRead:88) uart read data error
[5.759][utils]-[Debug]-[DjiCore_RootTask:131) work execution time:
[5.759][utils]-[Debug]-[DjiCore_RootTask:132) name	                execution time (ms)	  max execution time (ms)
[5.759][utils]-[Debug]-[DjiCore_RootTask:134) recorderWork                    	1       	1       
[5.759][utils]-[Debug]-[DjiCore_RootTask:134) flowControllerTask              	1       	1       
[5.759][utils]-[Debug]-[DjiCore_RootTask:134) commandTask                     	1       	1       
[6.220][linker]-[Warn]-[DjiCommand_SendAsyncHandle:963) <0x1d22>Command async send retry: index = 0, retryTimes = 2, 0x0A00->0x0300 0x0000
[6.220][linker]-[Debug]-[DjiProtocol_sdkPack:183) SDK-Send: 0x0A->0x03 0x0000
[6.830][linker]-[Error]-[DjiChannel_uartRead:88) uart read data error
[6.863][utils]-[Debug]-[DjiCore_RootTask:131) work execution time:
[6.863][utils]-[Debug]-[DjiCore_RootTask:132) name	                execution time (ms)	  max execution time (ms)
[6.863][utils]-[Debug]-[DjiCore_RootTask:134) recorderWork                    	1       	1       
[6.863][utils]-[Debug]-[DjiCore_RootTask:134) flowControllerTask              	0       	1       
[6.863][utils]-[Debug]-[DjiCore_RootTask:134) commandTask                     	1       	1       
[6.867][linker]-[Error]-[DjiChannel_uartRead:88) uart read data error
[7.206][linker]-[Error]-[DjiChannel_uartRead:88) uart read data error
[7.266][linker]-[Error]-[DjiChannel_uartRead:88) uart read data error
[7.583][linker]-[Error]-[DjiChannel_uartRead:88) uart read data error
[8.018][utils]-[Debug]-[DjiCore_RootTask:131) work execution time:
[8.018][utils]-[Debug]-[DjiCore_RootTask:132) name	                execution time (ms)	  max execution time (ms)
[8.018][utils]-[Debug]-[DjiCore_RootTask:134) recorderWork                    	1       	1       
[8.019][utils]-[Debug]-[DjiCore_RootTask:134) flowControllerTask              	1       	1       
[8.019][utils]-[Debug]-[DjiCore_RootTask:134) commandTask                     	1       	1       
[8.221][linker]-[Warn]-[DjiCommand_SendAsyncHandle:963) <0x1d22>Command async send retry: index = 0, retryTimes = 1, 0x0A00->0x0300 0x0000
[8.221][linker]-[Debug]-[DjiProtocol_sdkPack:183) SDK-Send: 0x0A->0x03 0x0000
[8.256][linker]-[Error]-[DjiChannel_uartRead:88) uart read data error
[8.363][linker]-[Error]-[DjiChannel_uartRead:88) uart read data error
[8.396][linker]-[Error]-[DjiChannel_uartRead:88) uart read data error
[8.457][linker]-[Error]-[DjiChannel_uartRead:88) uart read data error
[9.026][linker]-[Error]-[DjiChannel_uartRead:88) uart read data error
[9.028][linker]-[Error]-[DjiChannel_uartRead:88) uart read data error
[9.030][linker]-[Error]-[DjiChannel_uartRead:88) uart read data error
[9.214][utils]-[Debug]-[DjiCore_RootTask:131) work execution time:
[9.214][utils]-[Debug]-[DjiCore_RootTask:132) name	                execution time (ms)	  max execution time (ms)
[9.214][utils]-[Debug]-[DjiCore_RootTask:134) recorderWork                    	1       	1       
[9.214][utils]-[Debug]-[DjiCore_RootTask:134) flowControllerTask              	1       	1       
[9.214][utils]-[Debug]-[DjiCore_RootTask:134) commandTask                     	1       	1       
[9.350][linker]-[Error]-[DjiChannel_uartRead:88) uart read data error
[9.354][linker]-[Error]-[DjiChannel_uartRead:88) uart read data error
[10.222][linker]-[Error]-[DjiCommand_SendAsyncHandle:975) Command async send error 0
[10.222][linker]-[Error]-[DjiCommand_SendSync:550) sendSync callback timeout
[10.222][auth]-[Error]-[DjiSdkActivate_GetDroneSWVersionSync:199) Get OSDK version send error:0x000000E1.
[10.222][auth]-[Error]-[DjiSdkActivate_GetDroneSWVersionSync:200) Execution timeout. Suggestion : Please contact DJI for help.
[10.222][auth]-[Error]-[DjiSdkActivate_ExtensionPortActivateSync:74) Request to get version sync error
[10.222][auth]-[Error]-[DjiSdkActivate_ExtensionPortActivateSync:75) Execution timeout. Suggestion : Please contact DJI for help.
[10.222][auth]-[Error]-[DjiIdentityVerify_Init:99) Activate failed, please check your app_id and app_key.
[10.222][core]-[Error]-[DjiCore_Init:143) SDK identity verify init error.
[10.222][linker]-[Debug]-[DjiCommand_SendAsyncHandle:994) Timeout func deal about: 0 ms
[10.260][linker]-[Error]-[DjiChannel_uartRead:88) uart read data error
[10.270][linker]-[Error]-[DjiChannel_uartRead:88) uart read data error
[10.286][linker]-[Error]-[DjiChannel_uartRead:88) uart read data error
[10.326][utils]-[Debug]-[DjiCore_RootTask:131) work execution time:
[10.326][utils]-[Debug]-[DjiCore_RootTask:132) name	                execution time (ms)	  max execution time (ms)
[10.326][utils]-[Debug]-[DjiCore_RootTask:134) recorderWork                    	1       	1       
[10.326][utils]-[Debug]-[DjiCore_RootTask:134) flowControllerTask              	0       	1       
[10.327][utils]-[Debug]-[DjiCore_RootTask:134) commandTask                     	1       	1       
