[0.018][core]-[Info]-[DjiCore_Init:106) Payload SDK Version : V3.9.0-beta.0-build.2044
[0.021][utils]-[Debug]-[DjiCore_RootTask:131) work execution time:
[0.021][utils]-[Debug]-[DjiCore_RootTask:132) name	                execution time (ms)	  max execution time (ms)
[0.021][utils]-[Debug]-[DjiCore_RootTask:134) recorderWork                    	0       	0       
[0.021][utils]-[Debug]-[DjiCore_RootTask:134) flowControllerTask              	0       	0       
[0.039][linker]-[Debug]-[DjiLinker_Init:128) init linker success, protocol:2, channelId:0
[0.039][linker]-[Debug]-[DjiProtocol_v1Pack:123) <0000>V1-Send: 0x0A06->0x0300 0x03FD
[0.059][linker]-[Debug]-[DjiProtocol_v1Pack:123) <0x01>V1-Send: 0x0A06->0x0300 0x03FD
[0.081][linker]-[Debug]-[DjiProtocol_v1Pack:123) <0x02>V1-Send: 0x0A06->0x0300 0x03FD
[0.101][linker]-[Debug]-[DjiProtocol_v1Pack:123) <0x03>V1-Send: 0x0A06->0x0300 0x03FD
[0.121][linker]-[Debug]-[DjiProtocol_v1Pack:123) <0x04>V1-Send: 0x0A06->0x0300 0x03FD
[0.142][linker]-[Debug]-[DjiLinker_DeInit:170) deinit linker success, protocol:2, channelId:0
[0.154][linker]-[Debug]-[DjiLinker_Init:128) init linker success, protocol:2, channelId:0
[0.154][linker]-[Debug]-[DjiProtocol_v1Pack:123) <0000>V1-Send: 0x0507->0x0503 0x03FD
[0.174][linker]-[Debug]-[DjiProtocol_v1Pack:123) <0x01>V1-Send: 0x0507->0x0503 0x03FD
[0.194][linker]-[Debug]-[DjiProtocol_v1Pack:123) <0x02>V1-Send: 0x0507->0x0503 0x03FD
[0.215][linker]-[Debug]-[DjiProtocol_v1Pack:123) <0x03>V1-Send: 0x0507->0x0503 0x03FD
[0.235][linker]-[Debug]-[DjiProtocol_v1Pack:123) <0x04>V1-Send: 0x0507->0x0503 0x03FD
[0.255][linker]-[Debug]-[DjiLinker_DeInit:170) deinit linker success, protocol:2, channelId:0
[0.289][linker]-[Debug]-[DjiLinker_Init:128) init linker success, protocol:2, channelId:0
[0.289][linker]-[Debug]-[DjiProtocol_v1Pack:123) <0000>V1-Send: 0x0507->0x0503 0x03FD
[0.309][linker]-[Debug]-[DjiProtocol_v1Pack:123) <0x01>V1-Send: 0x0507->0x0503 0x03FD
[0.329][linker]-[Debug]-[DjiProtocol_v1Pack:123) <0x02>V1-Send: 0x0507->0x0503 0x03FD
[0.349][linker]-[Debug]-[DjiProtocol_v1Pack:123) <0x03>V1-Send: 0x0507->0x0503 0x03FD
[0.370][linker]-[Debug]-[DjiProtocol_v1Pack:123) <0x04>V1-Send: 0x0507->0x0503 0x03FD
[0.390][linker]-[Debug]-[DjiLinker_DeInit:170) deinit linker success, protocol:2, channelId:0
[0.401][linker]-[Debug]-[DjiLinker_Init:128) init linker success, protocol:2, channelId:0
[0.401][linker]-[Debug]-[DjiProtocol_v1Pack:123) <0000>V1-Send: 0x0507->0x0503 0x03FD
[0.421][linker]-[Debug]-[DjiProtocol_v1Pack:123) <0x01>V1-Send: 0x0507->0x0503 0x03FD
[0.441][linker]-[Debug]-[DjiProtocol_v1Pack:123) <0x02>V1-Send: 0x0507->0x0503 0x03FD
[0.462][linker]-[Debug]-[DjiProtocol_v1Pack:123) <0x03>V1-Send: 0x0507->0x0503 0x03FD
[0.482][linker]-[Debug]-[DjiProtocol_v1Pack:123) <0x04>V1-Send: 0x0507->0x0503 0x03FD
[0.502][linker]-[Debug]-[DjiLinker_DeInit:170) deinit linker success, protocol:2, channelId:0
[0.513][linker]-[Debug]-[DjiLinker_Init:128) init linker success, protocol:2, channelId:0
[0.513][linker]-[Debug]-[DjiProtocol_v1Pack:123) <0000>V1-Send: 0x0507->0x0503 0x03FD
[0.534][linker]-[Debug]-[DjiProtocol_v1Pack:123) <0x01>V1-Send: 0x0507->0x0503 0x03FD
[0.554][linker]-[Debug]-[DjiProtocol_v1Pack:123) <0x02>V1-Send: 0x0507->0x0503 0x03FD
[0.574][linker]-[Debug]-[DjiProtocol_v1Pack:123) <0x03>V1-Send: 0x0507->0x0503 0x03FD
[0.594][linker]-[Debug]-[DjiProtocol_v1Pack:123) <0x04>V1-Send: 0x0507->0x0503 0x03FD
[0.615][linker]-[Debug]-[DjiLinker_DeInit:170) deinit linker success, protocol:2, channelId:0
[0.629][linker]-[Debug]-[DjiLinker_Init:128) init linker success, protocol:2, channelId:0
[0.629][linker]-[Debug]-[DjiProtocol_v1Pack:123) <0000>V1-Send: 0x0507->0x0503 0x03FD
[0.650][linker]-[Debug]-[DjiProtocol_v1Pack:123) <0x01>V1-Send: 0x0507->0x0503 0x03FD
[0.670][linker]-[Debug]-[DjiProtocol_v1Pack:123) <0x02>V1-Send: 0x0507->0x0503 0x03FD
[0.690][linker]-[Debug]-[DjiProtocol_v1Pack:123) <0x03>V1-Send: 0x0507->0x0503 0x03FD
[0.710][linker]-[Debug]-[DjiProtocol_v1Pack:123) <0x04>V1-Send: 0x0507->0x0503 0x03FD
[0.731][linker]-[Debug]-[DjiLinker_DeInit:170) deinit linker success, protocol:2, channelId:0
[0.739][linker]-[Debug]-[DjiLinker_Init:128) init linker success, protocol:2, channelId:0
[0.739][linker]-[Debug]-[DjiProtocol_v1Pack:123) <0000>V1-Send: 0x0A06->0x0300 0x03FD
[0.759][linker]-[Debug]-[DjiProtocol_v1Pack:123) <0x01>V1-Send: 0x0A06->0x0300 0x03FD
[0.779][linker]-[Debug]-[DjiProtocol_v1Pack:123) <0x02>V1-Send: 0x0A06->0x0300 0x03FD
[0.800][linker]-[Debug]-[DjiProtocol_v1Pack:123) <0x03>V1-Send: 0x0A06->0x0300 0x03FD
[0.820][linker]-[Debug]-[DjiProtocol_v1Pack:123) <0x04>V1-Send: 0x0A06->0x0300 0x03FD
[0.841][linker]-[Debug]-[DjiLinker_DeInit:170) deinit linker success, protocol:2, channelId:0
[0.887][linker]-[Debug]-[DjiLinker_Init:128) init linker success, protocol:2, channelId:0
[0.887][linker]-[Debug]-[DjiProtocol_v1Pack:123) <0000>V1-Send: 0x0A06->0x0300 0x03FD
[0.907][linker]-[Debug]-[DjiProtocol_v1Pack:123) <0x01>V1-Send: 0x0A06->0x0300 0x03FD
[0.927][linker]-[Debug]-[DjiProtocol_v1Pack:123) <0x02>V1-Send: 0x0A06->0x0300 0x03FD
[0.948][linker]-[Debug]-[DjiProtocol_v1Pack:123) <0x03>V1-Send: 0x0A06->0x0300 0x03FD
[0.968][linker]-[Debug]-[DjiProtocol_v1Pack:123) <0x04>V1-Send: 0x0A06->0x0300 0x03FD
[0.988][linker]-[Debug]-[DjiLinker_DeInit:170) deinit linker success, protocol:2, channelId:0
[1.048][linker]-[Debug]-[DjiLinker_Init:128) init linker success, protocol:2, channelId:0
[1.048][linker]-[Debug]-[DjiProtocol_v1Pack:123) <0000>V1-Send: 0x0A06->0x0300 0x03FD
[1.068][linker]-[Debug]-[DjiProtocol_v1Pack:123) <0x01>V1-Send: 0x0A06->0x0300 0x03FD
[1.088][linker]-[Debug]-[DjiProtocol_v1Pack:123) <0x02>V1-Send: 0x0A06->0x0300 0x03FD
[1.108][linker]-[Debug]-[DjiProtocol_v1Pack:123) <0x03>V1-Send: 0x0A06->0x0300 0x03FD
[1.128][linker]-[Debug]-[DjiProtocol_v1Pack:123) <0x04>V1-Send: 0x0A06->0x0300 0x03FD
[1.150][linker]-[Debug]-[DjiLinker_DeInit:170) deinit linker success, protocol:2, channelId:0
[1.178][linker]-[Debug]-[DjiLinker_Init:128) init linker success, protocol:2, channelId:0
[1.178][linker]-[Debug]-[DjiProtocol_v1Pack:123) <0000>V1-Send: 0x0A06->0x0300 0x03FD
[1.198][linker]-[Debug]-[DjiProtocol_v1Pack:123) <0x01>V1-Send: 0x0A06->0x0300 0x03FD
[1.219][linker]-[Debug]-[DjiProtocol_v1Pack:123) <0x02>V1-Send: 0x0A06->0x0300 0x03FD
[1.226][utils]-[Debug]-[DjiCore_RootTask:131) work execution time:
[1.226][utils]-[Debug]-[DjiCore_RootTask:132) name	                execution time (ms)	  max execution time (ms)
[1.226][utils]-[Debug]-[DjiCore_RootTask:134) recorderWork                    	0       	0       
[1.226][utils]-[Debug]-[DjiCore_RootTask:134) flowControllerTask              	0       	0       
[1.239][linker]-[Debug]-[DjiProtocol_v1Pack:123) <0x03>V1-Send: 0x0A06->0x0300 0x03FD
[1.259][linker]-[Debug]-[DjiProtocol_v1Pack:123) <0x04>V1-Send: 0x0A06->0x0300 0x03FD
[1.280][linker]-[Debug]-[DjiLinker_DeInit:170) deinit linker success, protocol:2, channelId:0
[1.327][linker]-[Debug]-[DjiLinker_Init:128) init linker success, protocol:2, channelId:0
[1.327][linker]-[Debug]-[DjiProtocol_v1Pack:123) <0000>V1-Send: 0x0A06->0x0300 0x03FD
[1.347][linker]-[Debug]-[DjiProtocol_v1Pack:123) <0x01>V1-Send: 0x0A06->0x0300 0x03FD
[1.367][linker]-[Debug]-[DjiProtocol_v1Pack:123) <0x02>V1-Send: 0x0A06->0x0300 0x03FD
[1.387][linker]-[Debug]-[DjiProtocol_v1Pack:123) <0x03>V1-Send: 0x0A06->0x0300 0x03FD
[1.408][linker]-[Debug]-[DjiProtocol_v1Pack:123) <0x04>V1-Send: 0x0A06->0x0300 0x03FD
[1.429][linker]-[Debug]-[DjiLinker_DeInit:170) deinit linker success, protocol:2, channelId:0
[1.458][linker]-[Debug]-[DjiLinker_Init:128) init linker success, protocol:2, channelId:0
[1.458][linker]-[Debug]-[DjiProtocol_v1Pack:123) <0000>V1-Send: 0x0A07->0x0300 0x03FD
[1.478][linker]-[Debug]-[DjiProtocol_v1Pack:123) <0x01>V1-Send: 0x0A07->0x0300 0x03FD
[1.499][linker]-[Debug]-[DjiProtocol_v1Pack:123) <0x02>V1-Send: 0x0A07->0x0300 0x03FD
[1.519][linker]-[Debug]-[DjiProtocol_v1Pack:123) <0x03>V1-Send: 0x0A07->0x0300 0x03FD
[1.539][linker]-[Debug]-[DjiProtocol_v1Pack:123) <0x04>V1-Send: 0x0A07->0x0300 0x03FD
[1.560][linker]-[Debug]-[DjiLinker_DeInit:170) deinit linker success, protocol:2, channelId:0
[1.582][linker]-[Debug]-[DjiLinker_Init:128) init linker success, protocol:2, channelId:0
[1.582][linker]-[Debug]-[DjiProtocol_v1Pack:123) <0000>V1-Send: 0x0A07->0x0300 0x03FD
[1.602][linker]-[Debug]-[DjiProtocol_v1Pack:123) <0x01>V1-Send: 0x0A07->0x0300 0x03FD
[1.623][linker]-[Debug]-[DjiProtocol_v1Pack:123) <0x02>V1-Send: 0x0A07->0x0300 0x03FD
[1.643][linker]-[Debug]-[DjiProtocol_v1Pack:123) <0x03>V1-Send: 0x0A07->0x0300 0x03FD
[1.663][linker]-[Debug]-[DjiProtocol_v1Pack:123) <0x04>V1-Send: 0x0A07->0x0300 0x03FD
[1.684][linker]-[Debug]-[DjiLinker_DeInit:170) deinit linker success, protocol:2, channelId:0
[1.737][linker]-[Debug]-[DjiLinker_Init:128) init linker success, protocol:2, channelId:0
[1.737][linker]-[Debug]-[DjiProtocol_v1Pack:123) <0000>V1-Send: 0x0A07->0x0300 0x03FD
[1.757][linker]-[Debug]-[DjiProtocol_v1Pack:123) <0x01>V1-Send: 0x0A07->0x0300 0x03FD
[1.777][linker]-[Debug]-[DjiProtocol_v1Pack:123) <0x02>V1-Send: 0x0A07->0x0300 0x03FD
[1.797][linker]-[Debug]-[DjiProtocol_v1Pack:123) <0x03>V1-Send: 0x0A07->0x0300 0x03FD
[1.817][linker]-[Debug]-[DjiProtocol_v1Pack:123) <0x04>V1-Send: 0x0A07->0x0300 0x03FD
[1.838][linker]-[Debug]-[DjiLinker_DeInit:170) deinit linker success, protocol:2, channelId:0
[1.872][linker]-[Debug]-[DjiLinker_Init:128) init linker success, protocol:2, channelId:0
[1.872][linker]-[Debug]-[DjiProtocol_v1Pack:123) <0000>V1-Send: 0x0A07->0x0300 0x03FD
[1.892][linker]-[Debug]-[DjiProtocol_v1Pack:123) <0x01>V1-Send: 0x0A07->0x0300 0x03FD
[1.912][linker]-[Debug]-[DjiProtocol_v1Pack:123) <0x02>V1-Send: 0x0A07->0x0300 0x03FD
[1.932][linker]-[Debug]-[DjiProtocol_v1Pack:123) <0x03>V1-Send: 0x0A07->0x0300 0x03FD
[1.952][linker]-[Debug]-[DjiProtocol_v1Pack:123) <0x04>V1-Send: 0x0A07->0x0300 0x03FD
[1.973][linker]-[Debug]-[DjiLinker_DeInit:170) deinit linker success, protocol:2, channelId:0
[1.991][linker]-[Debug]-[DjiLinker_Init:128) init linker success, protocol:2, channelId:0
[1.991][linker]-[Debug]-[DjiProtocol_v1Pack:123) <0000>V1-Send: 0x0A07->0x0300 0x03FD
[2.011][linker]-[Debug]-[DjiProtocol_v1Pack:123) <0x01>V1-Send: 0x0A07->0x0300 0x03FD
[2.031][linker]-[Debug]-[DjiProtocol_v1Pack:123) <0x02>V1-Send: 0x0A07->0x0300 0x03FD
[2.051][linker]-[Debug]-[DjiProtocol_v1Pack:123) <0x03>V1-Send: 0x0A07->0x0300 0x03FD
[2.072][linker]-[Debug]-[DjiProtocol_v1Pack:123) <0x04>V1-Send: 0x0A07->0x0300 0x03FD
[2.092][linker]-[Debug]-[DjiLinker_DeInit:170) deinit linker success, protocol:2, channelId:0
[2.106][linker]-[Debug]-[DjiLinker_Init:128) init linker success, protocol:1, channelId:0
[2.106][linker]-[Debug]-[DjiProtocol_sdkPack:183) SDK-Send: 0x0A->0x03 0x0000
[2.126][linker]-[Debug]-[DjiProtocol_sdkPack:183) SDK-Send: 0x0A->0x03 0x0000
[2.146][linker]-[Debug]-[DjiProtocol_sdkPack:183) SDK-Send: 0x0A->0x03 0x0000
[2.167][linker]-[Debug]-[DjiProtocol_sdkPack:183) SDK-Send: 0x0A->0x03 0x0000
[2.188][linker]-[Debug]-[DjiProtocol_sdkPack:183) SDK-Send: 0x0A->0x03 0x0000
[2.208][linker]-[Debug]-[DjiLinker_DeInit:170) deinit linker success, protocol:1, channelId:0
[2.229][linker]-[Debug]-[DjiLinker_Init:128) init linker success, protocol:1, channelId:0
[2.229][linker]-[Debug]-[DjiProtocol_sdkPack:183) SDK-Send: 0x0A->0x03 0x0000
[2.249][linker]-[Debug]-[DjiProtocol_sdkPack:183) SDK-Send: 0x0A->0x03 0x0000
[2.250][linker]-[Debug]-[DjiProtocol_sdkUnpack:276) SDK-Recv: 0x03->0x0A 0x0000
[2.250][linker]-[Debug]-[DjiProtocol_sdkUnpack:276) SDK-Recv: 0x03->0x0A 0x0405
[2.269][linker]-[Debug]-[DjiProtocol_sdkUnpack:276) SDK-Recv: 0x03->0x0A 0x0000
[2.269][linker]-[Debug]-[DjiProtocol_sdkPack:183) SDK-Send: 0x0A->0x03 0x0000
[2.270][utils]-[Debug]-[DjiSdkVersionAck_Parse:173) Device Serial No. = 1ZNDH6Q00A41TW
[2.270][utils]-[Debug]-[DjiSdkVersionAck_Parse:175) Firmware = 3.4.18.42
[2.270][utils]-[Info]-[DjiSdkVersionAck_Parse:183) Identify aircraft serial number = 1ZNDH6Q00A41TW, Firmware = 3.4.18.42
[2.283][linker]-[Debug]-[DjiLinker_DeInit:170) deinit linker success, protocol:1, channelId:0
[2.283][adapter]-[Info]-[DjiAccessAdapter_Init:231) Identify aircraft series is Matrice 300 Series
[2.283][adapter]-[Info]-[DjiAccessAdapter_Init:264) Identify mount position type is Extension Port Type
[2.314][linker]-[Debug]-[DjiCommand_Init:158) config list channel id:1
[2.331][linker]-[Debug]-[DjiLinker_Init:128) init linker success, protocol:1, channelId:0
[2.331][linker]-[Debug]-[DjiCommand_Init:167) add linker node count:1
[2.331][linker]-[Debug]-[DjiCommand_Init:158) config list channel id:2
[2.343][linker]-[Debug]-[DjiLinker_Init:128) init linker success, protocol:2, channelId:0
[2.343][linker]-[Debug]-[DjiCommand_Init:167) add linker node count:2
[2.343][adapter]-[Info]-[DjiAccessAdapter_Init:365) Identity uart0 baudrate is 230400 bps
[2.343][adapter]-[Info]-[DjiPayloadNegotiate_Init:147) No need negotiate device info
[2.358][linker]-[Debug]-[DjiLinker_DeInit:170) deinit linker success, protocol:1, channelId:0
[2.359][linker]-[Debug]-[DjiLinker_DeInit:170) deinit linker success, protocol:2, channelId:0
[2.359][linker]-[Debug]-[DjiCommand_UpdateConfig:289) config list channel id:1
[2.374][linker]-[Debug]-[DjiLinker_Init:128) init linker success, protocol:1, channelId:0
[2.374][linker]-[Debug]-[DjiCommand_UpdateConfig:298) add linker node count:1
[2.374][linker]-[Debug]-[DjiCommand_UpdateConfig:289) config list channel id:2
[2.394][linker]-[Debug]-[DjiLinker_Init:128) init linker success, protocol:2, channelId:0
[2.394][linker]-[Debug]-[DjiCommand_UpdateConfig:298) add linker node count:2
[2.394][linker]-[Debug]-[DjiCommand_RegRecvCmdHandler:674) Reg command handle list success, index:0
[2.394][auth]-[Debug]-[DjiSdkActivate_ExtensionPortActivateSync:71) This is a OSDK port. Now need to do activation.
[2.394][linker]-[Debug]-[DjiProtocol_sdkPack:183) SDK-Send: 0x0A->0x03 0x0000
[2.394][linker]-[Debug]-[DjiCommand_SendAsync:497) Max wait ack item count is 32.
[2.459][utils]-[Debug]-[DjiCore_RootTask:131) work execution time:
[2.459][utils]-[Debug]-[DjiCore_RootTask:132) name	                execution time (ms)	  max execution time (ms)
[2.459][utils]-[Debug]-[DjiCore_RootTask:134) recorderWork                    	1       	1       
[2.459][utils]-[Debug]-[DjiCore_RootTask:134) flowControllerTask              	0       	0       
[2.459][utils]-[Debug]-[DjiCore_RootTask:134) commandTask                     	0       	0       
[3.541][utils]-[Debug]-[DjiCore_RootTask:131) work execution time:
[3.541][utils]-[Debug]-[DjiCore_RootTask:132) name	                execution time (ms)	  max execution time (ms)
[3.541][utils]-[Debug]-[DjiCore_RootTask:134) recorderWork                    	0       	1       
[3.541][utils]-[Debug]-[DjiCore_RootTask:134) flowControllerTask              	0       	0       
[3.541][utils]-[Debug]-[DjiCore_RootTask:134) commandTask                     	1       	1       
[4.124][linker]-[Error]-[DjiChannel_uartRead:88) uart read data error
[4.395][linker]-[Warn]-[DjiCommand_SendAsyncHandle:963) <0x23ab>Command async send retry: index = 0, retryTimes = 3, 0x0A00->0x0300 0x0000
[4.395][linker]-[Debug]-[DjiProtocol_sdkPack:183) SDK-Send: 0x0A->0x03 0x0000
[4.421][linker]-[Error]-[DjiChannel_uartRead:88) uart read data error
[4.453][linker]-[Error]-[DjiChannel_uartRead:88) uart read data error
[4.645][utils]-[Debug]-[DjiCore_RootTask:131) work execution time:
[4.645][utils]-[Debug]-[DjiCore_RootTask:132) name	                execution time (ms)	  max execution time (ms)
[4.645][utils]-[Debug]-[DjiCore_RootTask:134) recorderWork                    	1       	1       
[4.645][utils]-[Debug]-[DjiCore_RootTask:134) flowControllerTask              	0       	0       
[4.645][utils]-[Debug]-[DjiCore_RootTask:134) commandTask                     	1       	1       
[4.722][linker]-[Error]-[DjiChannel_uartRead:88) uart read data error
[5.103][linker]-[Error]-[DjiChannel_uartRead:88) uart read data error
[5.107][linker]-[Error]-[DjiChannel_uartRead:88) uart read data error
[5.737][linker]-[Error]-[DjiChannel_uartRead:88) uart read data error
[5.739][utils]-[Debug]-[DjiCore_RootTask:131) work execution time:
[5.739][utils]-[Debug]-[DjiCore_RootTask:132) name	                execution time (ms)	  max execution time (ms)
[5.739][utils]-[Debug]-[DjiCore_RootTask:134) recorderWork                    	0       	1       
[5.739][utils]-[Debug]-[DjiCore_RootTask:134) flowControllerTask              	1       	1       
[5.739][utils]-[Debug]-[DjiCore_RootTask:134) commandTask                     	1       	1       
[5.926][linker]-[Error]-[DjiChannel_uartRead:88) uart read data error
[6.396][linker]-[Error]-[DjiChannel_uartRead:88) uart read data error
[6.396][linker]-[Warn]-[DjiCommand_SendAsyncHandle:963) <0x23ab>Command async send retry: index = 0, retryTimes = 2, 0x0A00->0x0300 0x0000
[6.396][linker]-[Debug]-[DjiProtocol_sdkPack:183) SDK-Send: 0x0A->0x03 0x0000
[6.419][linker]-[Error]-[DjiChannel_uartRead:88) uart read data error
[6.604][linker]-[Error]-[DjiChannel_uartRead:88) uart read data error
[6.640][linker]-[Error]-[DjiChannel_uartRead:88) uart read data error
