[0.019][core]-[Info]-[DjiCore_Init:106) Payload SDK Version : V3.9.0-beta.0-build.2044
[0.022][utils]-[Debug]-[DjiCore_RootTask:131) work execution time:
[0.023][utils]-[Debug]-[DjiCore_RootTask:132) name	                execution time (ms)	  max execution time (ms)
[0.024][utils]-[Debug]-[DjiCore_RootTask:134) recorderWork                    	0       	0       
[0.024][utils]-[Debug]-[DjiCore_RootTask:134) flowControllerTask              	0       	0       
[0.041][linker]-[Debug]-[DjiLinker_Init:128) init linker success, protocol:2, channelId:0
[0.041][linker]-[Debug]-[DjiProtocol_v1Pack:123) <0000>V1-Send: 0x0A06->0x0300 0x03FD
[0.062][linker]-[Debug]-[DjiProtocol_v1Pack:123) <0x01>V1-Send: 0x0A06->0x0300 0x03FD
[0.082][linker]-[Debug]-[DjiProtocol_v1Pack:123) <0x02>V1-Send: 0x0A06->0x0300 0x03FD
[0.102][linker]-[Debug]-[DjiProtocol_v1Pack:123) <0x03>V1-Send: 0x0A06->0x0300 0x03FD
[0.122][linker]-[Debug]-[DjiProtocol_v1Pack:123) <0x04>V1-Send: 0x0A06->0x0300 0x03FD
[0.143][linker]-[Debug]-[DjiLinker_DeInit:170) deinit linker success, protocol:2, channelId:0
[0.151][linker]-[Debug]-[DjiLinker_Init:128) init linker success, protocol:2, channelId:0
[0.151][linker]-[Debug]-[DjiProtocol_v1Pack:123) <0000>V1-Send: 0x0507->0x0503 0x03FD
[0.172][linker]-[Debug]-[DjiProtocol_v1Pack:123) <0x01>V1-Send: 0x0507->0x0503 0x03FD
[0.192][linker]-[Debug]-[DjiProtocol_v1Pack:123) <0x02>V1-Send: 0x0507->0x0503 0x03FD
[0.212][linker]-[Debug]-[DjiProtocol_v1Pack:123) <0x03>V1-Send: 0x0507->0x0503 0x03FD
[0.232][linker]-[Debug]-[DjiProtocol_v1Pack:123) <0x04>V1-Send: 0x0507->0x0503 0x03FD
[0.252][linker]-[Debug]-[DjiLinker_DeInit:170) deinit linker success, protocol:2, channelId:0
[0.261][linker]-[Debug]-[DjiLinker_Init:128) init linker success, protocol:2, channelId:0
[0.261][linker]-[Debug]-[DjiProtocol_v1Pack:123) <0000>V1-Send: 0x0507->0x0503 0x03FD
[0.281][linker]-[Debug]-[DjiProtocol_v1Pack:123) <0x01>V1-Send: 0x0507->0x0503 0x03FD
[0.301][linker]-[Debug]-[DjiProtocol_v1Pack:123) <0x02>V1-Send: 0x0507->0x0503 0x03FD
[0.321][linker]-[Debug]-[DjiProtocol_v1Pack:123) <0x03>V1-Send: 0x0507->0x0503 0x03FD
[0.341][linker]-[Debug]-[DjiProtocol_v1Pack:123) <0x04>V1-Send: 0x0507->0x0503 0x03FD
[0.362][linker]-[Debug]-[DjiLinker_DeInit:170) deinit linker success, protocol:2, channelId:0
[0.372][linker]-[Debug]-[DjiLinker_Init:128) init linker success, protocol:2, channelId:0
[0.372][linker]-[Debug]-[DjiProtocol_v1Pack:123) <0000>V1-Send: 0x0507->0x0503 0x03FD
[0.392][linker]-[Debug]-[DjiProtocol_v1Pack:123) <0x01>V1-Send: 0x0507->0x0503 0x03FD
[0.412][linker]-[Debug]-[DjiProtocol_v1Pack:123) <0x02>V1-Send: 0x0507->0x0503 0x03FD
[0.432][linker]-[Debug]-[DjiProtocol_v1Pack:123) <0x03>V1-Send: 0x0507->0x0503 0x03FD
[0.452][linker]-[Debug]-[DjiProtocol_v1Pack:123) <0x04>V1-Send: 0x0507->0x0503 0x03FD
[0.473][linker]-[Debug]-[DjiLinker_DeInit:170) deinit linker success, protocol:2, channelId:0
[0.482][linker]-[Debug]-[DjiLinker_Init:128) init linker success, protocol:2, channelId:0
[0.482][linker]-[Debug]-[DjiProtocol_v1Pack:123) <0000>V1-Send: 0x0507->0x0503 0x03FD
[0.503][linker]-[Debug]-[DjiProtocol_v1Pack:123) <0x01>V1-Send: 0x0507->0x0503 0x03FD
[0.523][linker]-[Debug]-[DjiProtocol_v1Pack:123) <0x02>V1-Send: 0x0507->0x0503 0x03FD
[0.543][linker]-[Debug]-[DjiProtocol_v1Pack:123) <0x03>V1-Send: 0x0507->0x0503 0x03FD
[0.563][linker]-[Debug]-[DjiProtocol_v1Pack:123) <0x04>V1-Send: 0x0507->0x0503 0x03FD
[0.584][linker]-[Debug]-[DjiLinker_DeInit:170) deinit linker success, protocol:2, channelId:0
[0.597][linker]-[Debug]-[DjiLinker_Init:128) init linker success, protocol:2, channelId:0
[0.601][linker]-[Debug]-[DjiProtocol_v1Pack:123) <0000>V1-Send: 0x0507->0x0503 0x03FD
[0.622][linker]-[Debug]-[DjiProtocol_v1Pack:123) <0x01>V1-Send: 0x0507->0x0503 0x03FD
[0.642][linker]-[Debug]-[DjiProtocol_v1Pack:123) <0x02>V1-Send: 0x0507->0x0503 0x03FD
[0.662][linker]-[Debug]-[DjiProtocol_v1Pack:123) <0x03>V1-Send: 0x0507->0x0503 0x03FD
[0.682][linker]-[Debug]-[DjiProtocol_v1Pack:123) <0x04>V1-Send: 0x0507->0x0503 0x03FD
[0.703][linker]-[Debug]-[DjiLinker_DeInit:170) deinit linker success, protocol:2, channelId:0
[0.713][linker]-[Debug]-[DjiLinker_Init:128) init linker success, protocol:2, channelId:0
[0.713][linker]-[Debug]-[DjiProtocol_v1Pack:123) <0000>V1-Send: 0x0A06->0x0300 0x03FD
[0.733][linker]-[Debug]-[DjiProtocol_v1Pack:123) <0x01>V1-Send: 0x0A06->0x0300 0x03FD
[0.753][linker]-[Debug]-[DjiProtocol_v1Pack:123) <0x02>V1-Send: 0x0A06->0x0300 0x03FD
[0.774][linker]-[Debug]-[DjiProtocol_v1Pack:123) <0x03>V1-Send: 0x0A06->0x0300 0x03FD
[0.794][linker]-[Debug]-[DjiProtocol_v1Pack:123) <0x04>V1-Send: 0x0A06->0x0300 0x03FD
[0.814][linker]-[Debug]-[DjiLinker_DeInit:170) deinit linker success, protocol:2, channelId:0
[0.827][linker]-[Debug]-[DjiLinker_Init:128) init linker success, protocol:2, channelId:0
[0.827][linker]-[Debug]-[DjiProtocol_v1Pack:123) <0000>V1-Send: 0x0A06->0x0300 0x03FD
[0.847][linker]-[Debug]-[DjiProtocol_v1Pack:123) <0x01>V1-Send: 0x0A06->0x0300 0x03FD
[0.868][linker]-[Debug]-[DjiProtocol_v1Pack:123) <0x02>V1-Send: 0x0A06->0x0300 0x03FD
[0.888][linker]-[Debug]-[DjiProtocol_v1Pack:123) <0x03>V1-Send: 0x0A06->0x0300 0x03FD
[0.908][linker]-[Debug]-[DjiProtocol_v1Pack:123) <0x04>V1-Send: 0x0A06->0x0300 0x03FD
[0.928][linker]-[Debug]-[DjiLinker_DeInit:170) deinit linker success, protocol:2, channelId:0
[0.951][linker]-[Debug]-[DjiLinker_Init:128) init linker success, protocol:2, channelId:0
[0.951][linker]-[Debug]-[DjiProtocol_v1Pack:123) <0000>V1-Send: 0x0A06->0x0300 0x03FD
[0.971][linker]-[Debug]-[DjiProtocol_v1Pack:123) <0x01>V1-Send: 0x0A06->0x0300 0x03FD
[0.992][linker]-[Debug]-[DjiProtocol_v1Pack:123) <0x02>V1-Send: 0x0A06->0x0300 0x03FD
[1.012][linker]-[Debug]-[DjiProtocol_v1Pack:123) <0x03>V1-Send: 0x0A06->0x0300 0x03FD
[1.032][linker]-[Debug]-[DjiProtocol_v1Pack:123) <0x04>V1-Send: 0x0A06->0x0300 0x03FD
[1.052][linker]-[Debug]-[DjiLinker_DeInit:170) deinit linker success, protocol:2, channelId:0
[1.063][linker]-[Debug]-[DjiLinker_Init:128) init linker success, protocol:2, channelId:0
[1.066][linker]-[Debug]-[DjiProtocol_v1Pack:123) <0000>V1-Send: 0x0A06->0x0300 0x03FD
[1.086][linker]-[Debug]-[DjiProtocol_v1Pack:123) <0x01>V1-Send: 0x0A06->0x0300 0x03FD
[1.108][linker]-[Debug]-[DjiProtocol_v1Pack:123) <0x02>V1-Send: 0x0A06->0x0300 0x03FD
[1.129][linker]-[Debug]-[DjiProtocol_v1Pack:123) <0x03>V1-Send: 0x0A06->0x0300 0x03FD
[1.150][linker]-[Debug]-[DjiProtocol_v1Pack:123) <0x04>V1-Send: 0x0A06->0x0300 0x03FD
[1.170][linker]-[Debug]-[DjiLinker_DeInit:170) deinit linker success, protocol:2, channelId:0
[1.188][linker]-[Debug]-[DjiLinker_Init:128) init linker success, protocol:2, channelId:0
[1.188][linker]-[Debug]-[DjiProtocol_v1Pack:123) <0000>V1-Send: 0x0A06->0x0300 0x03FD
[1.200][utils]-[Debug]-[DjiCore_RootTask:131) work execution time:
[1.200][utils]-[Debug]-[DjiCore_RootTask:132) name	                execution time (ms)	  max execution time (ms)
[1.200][utils]-[Debug]-[DjiCore_RootTask:134) recorderWork                    	0       	0       
[1.200][utils]-[Debug]-[DjiCore_RootTask:134) flowControllerTask              	0       	0       
[1.208][linker]-[Debug]-[DjiProtocol_v1Pack:123) <0x01>V1-Send: 0x0A06->0x0300 0x03FD
[1.228][linker]-[Debug]-[DjiProtocol_v1Pack:123) <0x02>V1-Send: 0x0A06->0x0300 0x03FD
[1.248][linker]-[Debug]-[DjiProtocol_v1Pack:123) <0x03>V1-Send: 0x0A06->0x0300 0x03FD
[1.268][linker]-[Debug]-[DjiProtocol_v1Pack:123) <0x04>V1-Send: 0x0A06->0x0300 0x03FD
[1.289][linker]-[Debug]-[DjiLinker_DeInit:170) deinit linker success, protocol:2, channelId:0
[1.301][linker]-[Debug]-[DjiLinker_Init:128) init linker success, protocol:2, channelId:0
[1.301][linker]-[Debug]-[DjiProtocol_v1Pack:123) <0000>V1-Send: 0x0A07->0x0300 0x03FD
[1.321][linker]-[Debug]-[DjiProtocol_v1Pack:123) <0x01>V1-Send: 0x0A07->0x0300 0x03FD
[1.341][linker]-[Debug]-[DjiProtocol_v1Pack:123) <0x02>V1-Send: 0x0A07->0x0300 0x03FD
[1.361][linker]-[Debug]-[DjiProtocol_v1Pack:123) <0x03>V1-Send: 0x0A07->0x0300 0x03FD
[1.381][linker]-[Debug]-[DjiProtocol_v1Pack:123) <0x04>V1-Send: 0x0A07->0x0300 0x03FD
[1.403][linker]-[Debug]-[DjiLinker_DeInit:170) deinit linker success, protocol:2, channelId:0
[1.415][linker]-[Debug]-[DjiLinker_Init:128) init linker success, protocol:2, channelId:0
[1.415][linker]-[Debug]-[DjiProtocol_v1Pack:123) <0000>V1-Send: 0x0A07->0x0300 0x03FD
[1.436][linker]-[Debug]-[DjiProtocol_v1Pack:123) <0x01>V1-Send: 0x0A07->0x0300 0x03FD
[1.456][linker]-[Debug]-[DjiProtocol_v1Pack:123) <0x02>V1-Send: 0x0A07->0x0300 0x03FD
[1.476][linker]-[Debug]-[DjiProtocol_v1Pack:123) <0x03>V1-Send: 0x0A07->0x0300 0x03FD
[1.496][linker]-[Debug]-[DjiProtocol_v1Pack:123) <0x04>V1-Send: 0x0A07->0x0300 0x03FD
[1.517][linker]-[Debug]-[DjiLinker_DeInit:170) deinit linker success, protocol:2, channelId:0
[1.536][linker]-[Debug]-[DjiLinker_Init:128) init linker success, protocol:2, channelId:0
[1.536][linker]-[Debug]-[DjiProtocol_v1Pack:123) <0000>V1-Send: 0x0A07->0x0300 0x03FD
[1.556][linker]-[Debug]-[DjiProtocol_v1Pack:123) <0x01>V1-Send: 0x0A07->0x0300 0x03FD
[1.577][linker]-[Debug]-[DjiProtocol_v1Pack:123) <0x02>V1-Send: 0x0A07->0x0300 0x03FD
[1.597][linker]-[Debug]-[DjiProtocol_v1Pack:123) <0x03>V1-Send: 0x0A07->0x0300 0x03FD
[1.617][linker]-[Debug]-[DjiProtocol_v1Pack:123) <0x04>V1-Send: 0x0A07->0x0300 0x03FD
[1.637][linker]-[Debug]-[DjiLinker_DeInit:170) deinit linker success, protocol:2, channelId:0
[1.670][linker]-[Debug]-[DjiLinker_Init:128) init linker success, protocol:2, channelId:0
[1.670][linker]-[Debug]-[DjiProtocol_v1Pack:123) <0000>V1-Send: 0x0A07->0x0300 0x03FD
[1.691][linker]-[Debug]-[DjiProtocol_v1Pack:123) <0x01>V1-Send: 0x0A07->0x0300 0x03FD
[1.711][linker]-[Debug]-[DjiProtocol_v1Pack:123) <0x02>V1-Send: 0x0A07->0x0300 0x03FD
[1.731][linker]-[Debug]-[DjiProtocol_v1Pack:123) <0x03>V1-Send: 0x0A07->0x0300 0x03FD
[1.751][linker]-[Debug]-[DjiProtocol_v1Pack:123) <0x04>V1-Send: 0x0A07->0x0300 0x03FD
[1.773][linker]-[Debug]-[DjiLinker_DeInit:170) deinit linker success, protocol:2, channelId:0
[1.786][linker]-[Debug]-[DjiLinker_Init:128) init linker success, protocol:2, channelId:0
[1.786][linker]-[Debug]-[DjiProtocol_v1Pack:123) <0000>V1-Send: 0x0A07->0x0300 0x03FD
[1.806][linker]-[Debug]-[DjiProtocol_v1Pack:123) <0x01>V1-Send: 0x0A07->0x0300 0x03FD
[1.826][linker]-[Debug]-[DjiProtocol_v1Pack:123) <0x02>V1-Send: 0x0A07->0x0300 0x03FD
[1.846][linker]-[Debug]-[DjiProtocol_v1Pack:123) <0x03>V1-Send: 0x0A07->0x0300 0x03FD
[1.866][linker]-[Debug]-[DjiProtocol_v1Pack:123) <0x04>V1-Send: 0x0A07->0x0300 0x03FD
[1.887][linker]-[Debug]-[DjiLinker_DeInit:170) deinit linker success, protocol:2, channelId:0
[1.901][linker]-[Debug]-[DjiLinker_Init:128) init linker success, protocol:1, channelId:0
[1.901][linker]-[Debug]-[DjiProtocol_sdkPack:183) SDK-Send: 0x0A->0x03 0x0000
[1.901][linker]-[Debug]-[DjiProtocol_sdkUnpack:276) SDK-Recv: 0x03->0x0A 0x0405
[1.920][linker]-[Debug]-[DjiProtocol_sdkUnpack:276) SDK-Recv: 0x03->0x0A 0x0000
[1.921][linker]-[Debug]-[DjiProtocol_sdkPack:183) SDK-Send: 0x0A->0x03 0x0000
[1.941][linker]-[Debug]-[DjiProtocol_sdkUnpack:276) SDK-Recv: 0x03->0x0A 0x0000
[1.941][linker]-[Debug]-[DjiProtocol_sdkPack:183) SDK-Send: 0x0A->0x03 0x0000
[1.942][utils]-[Debug]-[DjiSdkVersionAck_Parse:173) Device Serial No. = 1ZNDH6Q00A41TW
[1.942][utils]-[Debug]-[DjiSdkVersionAck_Parse:175) Firmware = 3.4.18.42
[1.942][utils]-[Info]-[DjiSdkVersionAck_Parse:183) Identify aircraft serial number = 1ZNDH6Q00A41TW, Firmware = 3.4.18.42
[1.956][linker]-[Debug]-[DjiLinker_DeInit:170) deinit linker success, protocol:1, channelId:0
[1.956][adapter]-[Info]-[DjiAccessAdapter_Init:231) Identify aircraft series is Matrice 300 Series
[1.956][adapter]-[Info]-[DjiAccessAdapter_Init:264) Identify mount position type is Extension Port Type
[1.968][linker]-[Debug]-[DjiCommand_Init:158) config list channel id:1
[2.006][linker]-[Debug]-[DjiLinker_Init:128) init linker success, protocol:1, channelId:0
[2.006][linker]-[Debug]-[DjiCommand_Init:167) add linker node count:1
[2.006][linker]-[Debug]-[DjiCommand_Init:158) config list channel id:2
[2.020][linker]-[Debug]-[DjiLinker_Init:128) init linker success, protocol:2, channelId:0
[2.020][linker]-[Debug]-[DjiCommand_Init:167) add linker node count:2
[2.020][adapter]-[Info]-[DjiAccessAdapter_Init:365) Identity uart0 baudrate is 115200 bps
[2.020][adapter]-[Info]-[DjiPayloadNegotiate_Init:147) No need negotiate device info
[2.044][linker]-[Error]-[DjiChannel_uartRead:88) uart read data error
[2.063][linker]-[Debug]-[DjiLinker_DeInit:170) deinit linker success, protocol:1, channelId:0
[2.066][linker]-[Debug]-[DjiLinker_DeInit:170) deinit linker success, protocol:2, channelId:0
[2.066][linker]-[Debug]-[DjiCommand_UpdateConfig:289) config list channel id:1
[2.079][linker]-[Debug]-[DjiLinker_Init:128) init linker success, protocol:1, channelId:0
[2.079][linker]-[Debug]-[DjiCommand_UpdateConfig:298) add linker node count:1
[2.079][linker]-[Debug]-[DjiCommand_UpdateConfig:289) config list channel id:2
[2.090][linker]-[Debug]-[DjiLinker_Init:128) init linker success, protocol:2, channelId:0
[2.090][linker]-[Debug]-[DjiCommand_UpdateConfig:298) add linker node count:2
[2.090][linker]-[Debug]-[DjiCommand_RegRecvCmdHandler:674) Reg command handle list success, index:0
[2.091][auth]-[Debug]-[DjiSdkActivate_ExtensionPortActivateSync:71) This is a OSDK port. Now need to do activation.
[2.091][linker]-[Debug]-[DjiProtocol_sdkPack:183) SDK-Send: 0x0A->0x03 0x0000
[2.091][linker]-[Debug]-[DjiCommand_SendAsync:497) Max wait ack item count is 32.
[2.446][utils]-[Debug]-[DjiCore_RootTask:131) work execution time:
[2.447][utils]-[Debug]-[DjiCore_RootTask:132) name	                execution time (ms)	  max execution time (ms)
[2.447][utils]-[Debug]-[DjiCore_RootTask:134) recorderWork                    	1       	1       
[2.447][utils]-[Debug]-[DjiCore_RootTask:134) flowControllerTask              	1       	1       
[2.447][utils]-[Debug]-[DjiCore_RootTask:134) commandTask                     	2       	2       
[3.545][utils]-[Debug]-[DjiCore_RootTask:131) work execution time:
[3.545][utils]-[Debug]-[DjiCore_RootTask:132) name	                execution time (ms)	  max execution time (ms)
[3.545][utils]-[Debug]-[DjiCore_RootTask:134) recorderWork                    	0       	1       
[3.545][utils]-[Debug]-[DjiCore_RootTask:134) flowControllerTask              	0       	1       
[3.545][utils]-[Debug]-[DjiCore_RootTask:134) commandTask                     	1       	2       
[4.092][linker]-[Warn]-[DjiCommand_SendAsyncHandle:963) <0xaa42>Command async send retry: index = 0, retryTimes = 3, 0x0A00->0x0300 0x0000
[4.092][linker]-[Debug]-[DjiProtocol_sdkPack:183) SDK-Send: 0x0A->0x03 0x0000
[4.637][utils]-[Debug]-[DjiCore_RootTask:131) work execution time:
[4.637][utils]-[Debug]-[DjiCore_RootTask:132) name	                execution time (ms)	  max execution time (ms)
[4.637][utils]-[Debug]-[DjiCore_RootTask:134) recorderWork                    	1       	1       
[4.637][utils]-[Debug]-[DjiCore_RootTask:134) flowControllerTask              	0       	1       
[4.637][utils]-[Debug]-[DjiCore_RootTask:134) commandTask                     	1       	2       
[4.944][linker]-[Error]-[DjiChannel_uartRead:88) uart read data error
[5.687][linker]-[Error]-[DjiChannel_uartRead:88) uart read data error
[5.728][utils]-[Debug]-[DjiCore_RootTask:131) work execution time:
[5.728][utils]-[Debug]-[DjiCore_RootTask:132) name	                execution time (ms)	  max execution time (ms)
[5.728][utils]-[Debug]-[DjiCore_RootTask:134) recorderWork                    	1       	1       
[5.729][utils]-[Debug]-[DjiCore_RootTask:134) flowControllerTask              	0       	1       
[5.729][utils]-[Debug]-[DjiCore_RootTask:134) commandTask                     	1       	2       
[6.031][linker]-[Error]-[DjiChannel_uartRead:88) uart read data error
[6.093][linker]-[Warn]-[DjiCommand_SendAsyncHandle:963) <0xaa42>Command async send retry: index = 0, retryTimes = 2, 0x0A00->0x0300 0x0000
[6.093][linker]-[Debug]-[DjiProtocol_sdkPack:183) SDK-Send: 0x0A->0x03 0x0000
[6.699][linker]-[Error]-[DjiChannel_uartRead:88) uart read data error
[6.730][linker]-[Error]-[DjiChannel_uartRead:88) uart read data error
[6.731][linker]-[Error]-[DjiChannel_uartRead:88) uart read data error
[6.787][linker]-[Error]-[DjiChannel_uartRead:88) uart read data error
[6.826][utils]-[Debug]-[DjiCore_RootTask:131) work execution time:
[6.826][utils]-[Debug]-[DjiCore_RootTask:132) name	                execution time (ms)	  max execution time (ms)
[6.826][utils]-[Debug]-[DjiCore_RootTask:134) recorderWork                    	1       	1       
[6.826][utils]-[Debug]-[DjiCore_RootTask:134) flowControllerTask              	1       	1       
[6.826][utils]-[Debug]-[DjiCore_RootTask:134) commandTask                     	0       	2       
[6.882][linker]-[Error]-[DjiChannel_uartRead:88) uart read data error
[6.933][linker]-[Error]-[DjiChannel_uartRead:88) uart read data error
[7.862][linker]-[Error]-[DjiChannel_uartRead:88) uart read data error
[7.931][utils]-[Debug]-[DjiCore_RootTask:131) work execution time:
[7.931][utils]-[Debug]-[DjiCore_RootTask:132) name	                execution time (ms)	  max execution time (ms)
[7.931][utils]-[Debug]-[DjiCore_RootTask:134) recorderWork                    	1       	1       
[7.931][utils]-[Debug]-[DjiCore_RootTask:134) flowControllerTask              	0       	1       
[7.931][utils]-[Debug]-[DjiCore_RootTask:134) commandTask                     	1       	2       
[8.094][linker]-[Warn]-[DjiCommand_SendAsyncHandle:963) <0xaa42>Command async send retry: index = 0, retryTimes = 1, 0x0A00->0x0300 0x0000
[8.094][linker]-[Debug]-[DjiProtocol_sdkPack:183) SDK-Send: 0x0A->0x03 0x0000
[8.261][linker]-[Error]-[DjiChannel_uartRead:88) uart read data error
[8.294][linker]-[Error]-[DjiChannel_uartRead:88) uart read data error
[8.330][linker]-[Error]-[DjiChannel_uartRead:88) uart read data error
[8.352][linker]-[Error]-[DjiChannel_uartRead:88) uart read data error
[8.389][linker]-[Error]-[DjiChannel_uartRead:88) uart read data error
[8.405][linker]-[Error]-[DjiChannel_uartRead:88) uart read data error
[9.041][utils]-[Debug]-[DjiCore_RootTask:131) work execution time:
[9.041][utils]-[Debug]-[DjiCore_RootTask:132) name	                execution time (ms)	  max execution time (ms)
[9.041][utils]-[Debug]-[DjiCore_RootTask:134) recorderWork                    	0       	1       
[9.041][utils]-[Debug]-[DjiCore_RootTask:134) flowControllerTask              	0       	1       
[9.041][utils]-[Debug]-[DjiCore_RootTask:134) commandTask                     	2       	2       
[10.095][linker]-[Error]-[DjiCommand_SendAsyncHandle:975) Command async send error 0
[10.095][linker]-[Error]-[DjiCommand_SendSync:550) sendSync callback timeout
[10.095][auth]-[Error]-[DjiSdkActivate_GetDroneSWVersionSync:199) Get OSDK version send error:0x000000E1.
[10.095][auth]-[Error]-[DjiSdkActivate_GetDroneSWVersionSync:200) Execution timeout. Suggestion : Please contact DJI for help.
[10.095][auth]-[Error]-[DjiSdkActivate_ExtensionPortActivateSync:74) Request to get version sync error
[10.095][auth]-[Error]-[DjiSdkActivate_ExtensionPortActivateSync:75) Execution timeout. Suggestion : Please contact DJI for help.
[10.095][auth]-[Error]-[DjiIdentityVerify_Init:99) Activate failed, please check your app_id and app_key.
[10.095][core]-[Error]-[DjiCore_Init:143) SDK identity verify init error.
[10.096][linker]-[Debug]-[DjiCommand_SendAsyncHandle:994) Timeout func deal about: 1 ms
[10.129][utils]-[Debug]-[DjiCore_RootTask:131) work execution time:
[10.130][utils]-[Debug]-[DjiCore_RootTask:132) name	                execution time (ms)	  max execution time (ms)
[10.131][utils]-[Debug]-[DjiCore_RootTask:134) recorderWork                    	1       	1       
[10.131][utils]-[Debug]-[DjiCore_RootTask:134) flowControllerTask              	0       	1       
[10.132][utils]-[Debug]-[DjiCore_RootTask:134) commandTask                     	2       	2       
[10.581][linker]-[Error]-[DjiChannel_uartRead:88) uart read data error
[10.601][linker]-[Error]-[DjiChannel_uartRead:88) uart read data error
[10.607][linker]-[Error]-[DjiChannel_uartRead:88) uart read data error
[10.620][linker]-[Error]-[DjiChannel_uartRead:88) uart read data error
[10.621][linker]-[Error]-[DjiChannel_uartRead:88) uart read data error
